{"total": {"lines":{"total":335,"covered":190,"skipped":0,"pct":56.71},"statements":{"total":349,"covered":200,"skipped":0,"pct":57.3},"functions":{"total":112,"covered":64,"skipped":0,"pct":57.14},"branches":{"total":140,"covered":69,"skipped":0,"pct":49.28},"branchesTrue":{"total":0,"covered":0,"skipped":0,"pct":100}}
,"E:\\Intern_W2\\frontend-react\\src\\App.tsx": {"lines":{"total":9,"covered":0,"skipped":0,"pct":0},"functions":{"total":5,"covered":0,"skipped":0,"pct":0},"statements":{"total":9,"covered":0,"skipped":0,"pct":0},"branches":{"total":0,"covered":0,"skipped":0,"pct":100}}
,"E:\\Intern_W2\\frontend-react\\src\\main.tsx": {"lines":{"total":1,"covered":0,"skipped":0,"pct":0},"functions":{"total":0,"covered":0,"skipped":0,"pct":100},"statements":{"total":1,"covered":0,"skipped":0,"pct":0},"branches":{"total":0,"covered":0,"skipped":0,"pct":100}}
,"E:\\Intern_W2\\frontend-react\\src\\component\\project\\HeaderProject.tsx": {"lines":{"total":25,"covered":0,"skipped":0,"pct":0},"functions":{"total":10,"covered":0,"skipped":0,"pct":0},"statements":{"total":25,"covered":0,"skipped":0,"pct":0},"branches":{"total":16,"covered":0,"skipped":0,"pct":0}}
,"E:\\Intern_W2\\frontend-react\\src\\pages\\Home.tsx": {"lines":{"total":78,"covered":76,"skipped":0,"pct":97.43},"functions":{"total":32,"covered":30,"skipped":0,"pct":93.75},"statements":{"total":87,"covered":83,"skipped":0,"pct":95.4},"branches":{"total":50,"covered":36,"skipped":0,"pct":72}}
,"E:\\Intern_W2\\frontend-react\\src\\pages\\auth\\ForgotPasssword.tsx": {"lines":{"total":12,"covered":0,"skipped":0,"pct":0},"functions":{"total":2,"covered":0,"skipped":0,"pct":0},"statements":{"total":12,"covered":0,"skipped":0,"pct":0},"branches":{"total":4,"covered":0,"skipped":0,"pct":0}}
,"E:\\Intern_W2\\frontend-react\\src\\pages\\auth\\Login.tsx": {"lines":{"total":18,"covered":18,"skipped":0,"pct":100},"functions":{"total":5,"covered":5,"skipped":0,"pct":100},"statements":{"total":18,"covered":18,"skipped":0,"pct":100},"branches":{"total":6,"covered":6,"skipped":0,"pct":100}}
,"E:\\Intern_W2\\frontend-react\\src\\pages\\auth\\Register.tsx": {"lines":{"total":26,"covered":26,"skipped":0,"pct":100},"functions":{"total":6,"covered":6,"skipped":0,"pct":100},"statements":{"total":26,"covered":26,"skipped":0,"pct":100},"branches":{"total":16,"covered":16,"skipped":0,"pct":100}}
,"E:\\Intern_W2\\frontend-react\\src\\pages\\auth\\ResetPassword.tsx": {"lines":{"total":27,"covered":0,"skipped":0,"pct":0},"functions":{"total":7,"covered":0,"skipped":0,"pct":0},"statements":{"total":28,"covered":0,"skipped":0,"pct":0},"branches":{"total":16,"covered":0,"skipped":0,"pct":0}}
,"E:\\Intern_W2\\frontend-react\\src\\pages\\auth\\verifyEmail.tsx": {"lines":{"total":27,"covered":0,"skipped":0,"pct":0},"functions":{"total":6,"covered":0,"skipped":0,"pct":0},"statements":{"total":27,"covered":0,"skipped":0,"pct":0},"branches":{"total":14,"covered":0,"skipped":0,"pct":0}}
,"E:\\Intern_W2\\frontend-react\\src\\pages\\general\\PageNotFound.tsx": {"lines":{"total":2,"covered":0,"skipped":0,"pct":0},"functions":{"total":1,"covered":0,"skipped":0,"pct":0},"statements":{"total":2,"covered":0,"skipped":0,"pct":0},"branches":{"total":0,"covered":0,"skipped":0,"pct":100}}
,"E:\\Intern_W2\\frontend-react\\src\\pages\\general\\Unauthorized.tsx": {"lines":{"total":2,"covered":0,"skipped":0,"pct":0},"functions":{"total":1,"covered":0,"skipped":0,"pct":0},"statements":{"total":2,"covered":0,"skipped":0,"pct":0},"branches":{"total":0,"covered":0,"skipped":0,"pct":100}}
,"E:\\Intern_W2\\frontend-react\\src\\pages\\layout\\Header.tsx": {"lines":{"total":2,"covered":0,"skipped":0,"pct":0},"functions":{"total":1,"covered":0,"skipped":0,"pct":0},"statements":{"total":2,"covered":0,"skipped":0,"pct":0},"branches":{"total":0,"covered":0,"skipped":0,"pct":100}}
,"E:\\Intern_W2\\frontend-react\\src\\redux\\slice\\authSlice.tsx": {"lines":{"total":46,"covered":44,"skipped":0,"pct":95.65},"functions":{"total":11,"covered":11,"skipped":0,"pct":100},"statements":{"total":47,"covered":45,"skipped":0,"pct":95.74},"branches":{"total":10,"covered":9,"skipped":0,"pct":90}}
,"E:\\Intern_W2\\frontend-react\\src\\redux\\slice\\memberSlice.tsx": {"lines":{"total":10,"covered":0,"skipped":0,"pct":0},"functions":{"total":4,"covered":0,"skipped":0,"pct":0},"statements":{"total":10,"covered":0,"skipped":0,"pct":0},"branches":{"total":0,"covered":0,"skipped":0,"pct":100}}
,"E:\\Intern_W2\\frontend-react\\src\\redux\\slice\\projectSlice.tsx": {"lines":{"total":26,"covered":26,"skipped":0,"pct":100},"functions":{"total":12,"covered":12,"skipped":0,"pct":100},"statements":{"total":28,"covered":28,"skipped":0,"pct":100},"branches":{"total":2,"covered":2,"skipped":0,"pct":100}}
,"E:\\Intern_W2\\frontend-react\\src\\redux\\slice\\projectStatusSlice.tsx": {"lines":{"total":13,"covered":0,"skipped":0,"pct":0},"functions":{"total":5,"covered":0,"skipped":0,"pct":0},"statements":{"total":13,"covered":0,"skipped":0,"pct":0},"branches":{"total":0,"covered":0,"skipped":0,"pct":100}}
,"E:\\Intern_W2\\frontend-react\\src\\routes\\PrivateRoute.tsx": {"lines":{"total":7,"covered":0,"skipped":0,"pct":0},"functions":{"total":2,"covered":0,"skipped":0,"pct":0},"statements":{"total":8,"covered":0,"skipped":0,"pct":0},"branches":{"total":4,"covered":0,"skipped":0,"pct":0}}
,"E:\\Intern_W2\\frontend-react\\src\\store\\Store.tsx": {"lines":{"total":4,"covered":0,"skipped":0,"pct":0},"functions":{"total":2,"covered":0,"skipped":0,"pct":0},"statements":{"total":4,"covered":0,"skipped":0,"pct":0},"branches":{"total":2,"covered":0,"skipped":0,"pct":0}}
}
