{"E:\\Intern_W2\\frontend-react\\src\\App.tsx": {"path":"E:\\Intern_W2\\frontend-react\\src\\App.tsx","statementMap":{"0":{"start":{"line":15,"column":19},"end":{"line":18,"column":null}},"1":{"start":{"line":16,"column":2},"end":{"line":18,"column":null}},"2":{"start":{"line":21,"column":29},"end":{"line":29,"column":null}},"3":{"start":{"line":22,"column":2},"end":{"line":27,"column":null}},"4":{"start":{"line":31,"column":34},"end":{"line":40,"column":null}},"5":{"start":{"line":32,"column":2},"end":{"line":38,"column":null}},"6":{"start":{"line":42,"column":29},"end":{"line":63,"column":null}},"7":{"start":{"line":43,"column":2},"end":{"line":61,"column":null}},"8":{"start":{"line":66,"column":2},"end":{"line":66,"column":null}}},"fnMap":{"0":{"name":"(anonymous_0)","decl":{"start":{"line":15,"column":19},"end":{"line":15,"column":null}},"loc":{"start":{"line":16,"column":2},"end":{"line":18,"column":null}},"line":16},"1":{"name":"(anonymous_1)","decl":{"start":{"line":21,"column":29},"end":{"line":21,"column":35}},"loc":{"start":{"line":21,"column":35},"end":{"line":29,"column":null}},"line":21},"2":{"name":"(anonymous_2)","decl":{"start":{"line":31,"column":34},"end":{"line":31,"column":40}},"loc":{"start":{"line":31,"column":40},"end":{"line":40,"column":null}},"line":31},"3":{"name":"(anonymous_3)","decl":{"start":{"line":42,"column":29},"end":{"line":42,"column":35}},"loc":{"start":{"line":42,"column":35},"end":{"line":63,"column":null}},"line":42},"4":{"name":"App","decl":{"start":{"line":65,"column":9},"end":{"line":65,"column":15}},"loc":{"start":{"line":65,"column":15},"end":{"line":67,"column":null}},"line":65}},"branchMap":{},"s":{"0":0,"1":0,"2":0,"3":0,"4":0,"5":0,"6":0,"7":0,"8":0},"f":{"0":0,"1":0,"2":0,"3":0,"4":0},"b":{},"meta":{"lastBranch":0,"lastFunction":5,"lastStatement":9,"seen":{"s:15:19:18:Infinity":0,"f:15:19:15:Infinity":0,"s:16:2:18:Infinity":1,"s:21:29:29:Infinity":2,"f:21:29:21:35":1,"s:22:2:27:Infinity":3,"s:31:34:40:Infinity":4,"f:31:34:31:40":2,"s:32:2:38:Infinity":5,"s:42:29:63:Infinity":6,"f:42:29:42:35":3,"s:43:2:61:Infinity":7,"f:65:9:65:15":4,"s:66:2:66:Infinity":8}}}
,"E:\\Intern_W2\\frontend-react\\src\\main.tsx": {"path":"E:\\Intern_W2\\frontend-react\\src\\main.tsx","statementMap":{"0":{"start":{"line":10,"column":0},"end":{"line":18,"column":null}}},"fnMap":{},"branchMap":{},"s":{"0":0},"f":{},"b":{},"meta":{"lastBranch":0,"lastFunction":0,"lastStatement":1,"seen":{"s:10:0:18:Infinity":0}}}
,"E:\\Intern_W2\\frontend-react\\src\\component\\project\\HeaderProject.tsx": {"path":"E:\\Intern_W2\\frontend-react\\src\\component\\project\\HeaderProject.tsx","statementMap":{"0":{"start":{"line":7,"column":32},"end":{"line":194,"column":null}},"1":{"start":{"line":8,"column":38},"end":{"line":8,"column":null}},"2":{"start":{"line":9,"column":34},"end":{"line":9,"column":null}},"3":{"start":{"line":10,"column":42},"end":{"line":10,"column":null}},"4":{"start":{"line":11,"column":8},"end":{"line":11,"column":null}},"5":{"start":{"line":12,"column":8},"end":{"line":12,"column":null}},"6":{"start":{"line":14,"column":25},"end":{"line":24,"column":null}},"7":{"start":{"line":15,"column":4},"end":{"line":23,"column":null}},"8":{"start":{"line":16,"column":6},"end":{"line":16,"column":null}},"9":{"start":{"line":17,"column":6},"end":{"line":17,"column":null}},"10":{"start":{"line":18,"column":6},"end":{"line":18,"column":null}},"11":{"start":{"line":20,"column":6},"end":{"line":20,"column":null}},"12":{"start":{"line":21,"column":6},"end":{"line":21,"column":null}},"13":{"start":{"line":22,"column":6},"end":{"line":22,"column":null}},"14":{"start":{"line":26,"column":23},"end":{"line":29,"column":null}},"15":{"start":{"line":27,"column":4},"end":{"line":27,"column":null}},"16":{"start":{"line":28,"column":4},"end":{"line":28,"column":null}},"17":{"start":{"line":31,"column":2},"end":{"line":192,"column":null}},"18":{"start":{"line":43,"column":31},"end":{"line":43,"column":null}},"19":{"start":{"line":63,"column":31},"end":{"line":63,"column":null}},"20":{"start":{"line":81,"column":31},"end":{"line":81,"column":null}},"21":{"start":{"line":101,"column":31},"end":{"line":101,"column":null}},"22":{"start":{"line":121,"column":31},"end":{"line":121,"column":null}},"23":{"start":{"line":158,"column":96},"end":{"line":158,"column":null}},"24":{"start":{"line":167,"column":35},"end":{"line":167,"column":null}}},"fnMap":{"0":{"name":"(anonymous_0)","decl":{"start":{"line":7,"column":32},"end":{"line":7,"column":38}},"loc":{"start":{"line":7,"column":38},"end":{"line":194,"column":null}},"line":7},"1":{"name":"(anonymous_1)","decl":{"start":{"line":14,"column":25},"end":{"line":14,"column":31}},"loc":{"start":{"line":14,"column":31},"end":{"line":24,"column":null}},"line":14},"2":{"name":"(anonymous_2)","decl":{"start":{"line":26,"column":23},"end":{"line":26,"column":29}},"loc":{"start":{"line":26,"column":29},"end":{"line":29,"column":null}},"line":26},"3":{"name":"(anonymous_3)","decl":{"start":{"line":43,"column":25},"end":{"line":43,"column":31}},"loc":{"start":{"line":43,"column":31},"end":{"line":43,"column":null}},"line":43},"4":{"name":"(anonymous_4)","decl":{"start":{"line":63,"column":25},"end":{"line":63,"column":31}},"loc":{"start":{"line":63,"column":31},"end":{"line":63,"column":null}},"line":63},"5":{"name":"(anonymous_5)","decl":{"start":{"line":81,"column":25},"end":{"line":81,"column":31}},"loc":{"start":{"line":81,"column":31},"end":{"line":81,"column":null}},"line":81},"6":{"name":"(anonymous_6)","decl":{"start":{"line":101,"column":25},"end":{"line":101,"column":31}},"loc":{"start":{"line":101,"column":31},"end":{"line":101,"column":null}},"line":101},"7":{"name":"(anonymous_7)","decl":{"start":{"line":121,"column":25},"end":{"line":121,"column":31}},"loc":{"start":{"line":121,"column":31},"end":{"line":121,"column":null}},"line":121},"8":{"name":"(anonymous_8)","decl":{"start":{"line":158,"column":90},"end":{"line":158,"column":96}},"loc":{"start":{"line":158,"column":96},"end":{"line":158,"column":null}},"line":158},"9":{"name":"(anonymous_9)","decl":{"start":{"line":167,"column":29},"end":{"line":167,"column":35}},"loc":{"start":{"line":167,"column":35},"end":{"line":167,"column":null}},"line":167}},"branchMap":{"0":{"loc":{"start":{"line":15,"column":4},"end":{"line":23,"column":null}},"type":"if","locations":[{"start":{"line":15,"column":4},"end":{"line":23,"column":null}},{"start":{"line":19,"column":11},"end":{"line":23,"column":null}}],"line":15},"1":{"loc":{"start":{"line":45,"column":18},"end":{"line":45,"column":77}},"type":"cond-expr","locations":[{"start":{"line":45,"column":47},"end":{"line":45,"column":75}},{"start":{"line":45,"column":75},"end":{"line":45,"column":77}}],"line":45},"2":{"loc":{"start":{"line":65,"column":18},"end":{"line":65,"column":78}},"type":"cond-expr","locations":[{"start":{"line":65,"column":48},"end":{"line":65,"column":76}},{"start":{"line":65,"column":76},"end":{"line":65,"column":78}}],"line":65},"3":{"loc":{"start":{"line":83,"column":18},"end":{"line":83,"column":77}},"type":"cond-expr","locations":[{"start":{"line":83,"column":47},"end":{"line":83,"column":75}},{"start":{"line":83,"column":75},"end":{"line":83,"column":77}}],"line":83},"4":{"loc":{"start":{"line":103,"column":18},"end":{"line":103,"column":79}},"type":"cond-expr","locations":[{"start":{"line":103,"column":49},"end":{"line":103,"column":77}},{"start":{"line":103,"column":77},"end":{"line":103,"column":79}}],"line":103},"5":{"loc":{"start":{"line":123,"column":18},"end":{"line":123,"column":79}},"type":"cond-expr","locations":[{"start":{"line":123,"column":49},"end":{"line":123,"column":77}},{"start":{"line":123,"column":77},"end":{"line":123,"column":79}}],"line":123},"6":{"loc":{"start":{"line":151,"column":15},"end":{"line":154,"column":null}},"type":"cond-expr","locations":[{"start":{"line":152,"column":16},"end":{"line":152,"column":null}},{"start":{"line":154,"column":16},"end":{"line":154,"column":null}}],"line":151},"7":{"loc":{"start":{"line":164,"column":15},"end":{"line":186,"column":null}},"type":"binary-expr","locations":[{"start":{"line":164,"column":15},"end":{"line":164,"column":null}},{"start":{"line":165,"column":16},"end":{"line":186,"column":null}}],"line":164}},"s":{"0":0,"1":0,"2":0,"3":0,"4":0,"5":0,"6":0,"7":0,"8":0,"9":0,"10":0,"11":0,"12":0,"13":0,"14":0,"15":0,"16":0,"17":0,"18":0,"19":0,"20":0,"21":0,"22":0,"23":0,"24":0},"f":{"0":0,"1":0,"2":0,"3":0,"4":0,"5":0,"6":0,"7":0,"8":0,"9":0},"b":{"0":[0,0],"1":[0,0],"2":[0,0],"3":[0,0],"4":[0,0],"5":[0,0],"6":[0,0],"7":[0,0]},"meta":{"lastBranch":8,"lastFunction":10,"lastStatement":25,"seen":{"s:7:32:194:Infinity":0,"f:7:32:7:38":0,"s:8:38:8:Infinity":1,"s:9:34:9:Infinity":2,"s:10:42:10:Infinity":3,"s:11:8:11:Infinity":4,"s:12:8:12:Infinity":5,"s:14:25:24:Infinity":6,"f:14:25:14:31":1,"b:15:4:23:Infinity:19:11:23:Infinity":0,"s:15:4:23:Infinity":7,"s:16:6:16:Infinity":8,"s:17:6:17:Infinity":9,"s:18:6:18:Infinity":10,"s:20:6:20:Infinity":11,"s:21:6:21:Infinity":12,"s:22:6:22:Infinity":13,"s:26:23:29:Infinity":14,"f:26:23:26:29":2,"s:27:4:27:Infinity":15,"s:28:4:28:Infinity":16,"s:31:2:192:Infinity":17,"f:43:25:43:31":3,"s:43:31:43:Infinity":18,"b:45:47:45:75:45:75:45:77":1,"f:63:25:63:31":4,"s:63:31:63:Infinity":19,"b:65:48:65:76:65:76:65:78":2,"f:81:25:81:31":5,"s:81:31:81:Infinity":20,"b:83:47:83:75:83:75:83:77":3,"f:101:25:101:31":6,"s:101:31:101:Infinity":21,"b:103:49:103:77:103:77:103:79":4,"f:121:25:121:31":7,"s:121:31:121:Infinity":22,"b:123:49:123:77:123:77:123:79":5,"b:152:16:152:Infinity:154:16:154:Infinity":6,"f:158:90:158:96":8,"s:158:96:158:Infinity":23,"b:164:15:164:Infinity:165:16:186:Infinity":7,"f:167:29:167:35":9,"s:167:35:167:Infinity":24}}}
,"E:\\Intern_W2\\frontend-react\\src\\pages\\Home.tsx": {"path":"E:\\Intern_W2\\frontend-react\\src\\pages\\Home.tsx","statementMap":{"0":{"start":{"line":10,"column":23},"end":{"line":581,"column":null}},"1":{"start":{"line":11,"column":32},"end":{"line":11,"column":null}},"2":{"start":{"line":11,"column":70},"end":{"line":11,"column":83}},"3":{"start":{"line":12,"column":28},"end":{"line":12,"column":null}},"4":{"start":{"line":12,"column":66},"end":{"line":12,"column":85}},"5":{"start":{"line":13,"column":20},"end":{"line":13,"column":null}},"6":{"start":{"line":13,"column":58},"end":{"line":13,"column":70}},"7":{"start":{"line":14,"column":10},"end":{"line":14,"column":null}},"8":{"start":{"line":14,"column":60},"end":{"line":14,"column":87}},"9":{"start":{"line":15,"column":46},"end":{"line":15,"column":null}},"10":{"start":{"line":16,"column":42},"end":{"line":16,"column":null}},"11":{"start":{"line":17,"column":38},"end":{"line":17,"column":null}},"12":{"start":{"line":18,"column":46},"end":{"line":18,"column":null}},"13":{"start":{"line":19,"column":32},"end":{"line":26,"column":null}},"14":{"start":{"line":28,"column":40},"end":{"line":35,"column":null}},"15":{"start":{"line":36,"column":4},"end":{"line":51,"column":null}},"16":{"start":{"line":37,"column":8},"end":{"line":37,"column":null}},"17":{"start":{"line":38,"column":8},"end":{"line":38,"column":null}},"18":{"start":{"line":40,"column":30},"end":{"line":48,"column":null}},"19":{"start":{"line":41,"column":12},"end":{"line":41,"column":null}},"20":{"start":{"line":41,"column":32},"end":{"line":41,"column":null}},"21":{"start":{"line":43,"column":12},"end":{"line":47,"column":null}},"22":{"start":{"line":44,"column":16},"end":{"line":44,"column":null}},"23":{"start":{"line":46,"column":16},"end":{"line":46,"column":null}},"24":{"start":{"line":50,"column":8},"end":{"line":50,"column":null}},"25":{"start":{"line":53,"column":30},"end":{"line":59,"column":null}},"26":{"start":{"line":54,"column":32},"end":{"line":54,"column":null}},"27":{"start":{"line":55,"column":8},"end":{"line":58,"column":null}},"28":{"start":{"line":55,"column":29},"end":{"line":58,"column":10}},"29":{"start":{"line":60,"column":29},"end":{"line":66,"column":null}},"30":{"start":{"line":61,"column":32},"end":{"line":61,"column":null}},"31":{"start":{"line":62,"column":8},"end":{"line":65,"column":null}},"32":{"start":{"line":62,"column":33},"end":{"line":65,"column":10}},"33":{"start":{"line":68,"column":25},"end":{"line":95,"column":null}},"34":{"start":{"line":69,"column":8},"end":{"line":94,"column":null}},"35":{"start":{"line":70,"column":31},"end":{"line":77,"column":null}},"36":{"start":{"line":78,"column":27},"end":{"line":78,"column":null}},"37":{"start":{"line":80,"column":12},"end":{"line":91,"column":null}},"38":{"start":{"line":81,"column":16},"end":{"line":81,"column":null}},"39":{"start":{"line":82,"column":16},"end":{"line":82,"column":null}},"40":{"start":{"line":83,"column":16},"end":{"line":90,"column":null}},"41":{"start":{"line":93,"column":12},"end":{"line":93,"column":null}},"42":{"start":{"line":97,"column":26},"end":{"line":116,"column":null}},"43":{"start":{"line":98,"column":8},"end":{"line":98,"column":null}},"44":{"start":{"line":99,"column":8},"end":{"line":99,"column":null}},"45":{"start":{"line":101,"column":23},"end":{"line":101,"column":null}},"46":{"start":{"line":102,"column":8},"end":{"line":115,"column":null}},"47":{"start":{"line":103,"column":12},"end":{"line":114,"column":null}},"48":{"start":{"line":118,"column":30},"end":{"line":137,"column":null}},"49":{"start":{"line":119,"column":8},"end":{"line":119,"column":null}},"50":{"start":{"line":119,"column":28},"end":{"line":119,"column":null}},"51":{"start":{"line":120,"column":8},"end":{"line":136,"column":null}},"52":{"start":{"line":121,"column":31},"end":{"line":128,"column":null}},"53":{"start":{"line":129,"column":27},"end":{"line":129,"column":null}},"54":{"start":{"line":130,"column":12},"end":{"line":133,"column":null}},"55":{"start":{"line":131,"column":16},"end":{"line":131,"column":null}},"56":{"start":{"line":132,"column":16},"end":{"line":132,"column":null}},"57":{"start":{"line":135,"column":12},"end":{"line":135,"column":null}},"58":{"start":{"line":139,"column":32},"end":{"line":153,"column":null}},"59":{"start":{"line":140,"column":26},"end":{"line":140,"column":null}},"60":{"start":{"line":141,"column":8},"end":{"line":141,"column":null}},"61":{"start":{"line":141,"column":24},"end":{"line":141,"column":null}},"62":{"start":{"line":142,"column":8},"end":{"line":152,"column":null}},"63":{"start":{"line":143,"column":27},"end":{"line":143,"column":null}},"64":{"start":{"line":144,"column":12},"end":{"line":148,"column":null}},"65":{"start":{"line":145,"column":16},"end":{"line":145,"column":null}},"66":{"start":{"line":147,"column":16},"end":{"line":147,"column":null}},"67":{"start":{"line":150,"column":12},"end":{"line":150,"column":null}},"68":{"start":{"line":151,"column":12},"end":{"line":151,"column":null}},"69":{"start":{"line":155,"column":4},"end":{"line":579,"column":null}},"70":{"start":{"line":161,"column":43},"end":{"line":161,"column":null}},"71":{"start":{"line":169,"column":55},"end":{"line":169,"column":null}},"72":{"start":{"line":231,"column":64},"end":{"line":231,"column":92}},"73":{"start":{"line":232,"column":40},"end":{"line":311,"column":null}},"74":{"start":{"line":250,"column":67},"end":{"line":250,"column":null}},"75":{"start":{"line":258,"column":67},"end":{"line":258,"column":null}},"76":{"start":{"line":301,"column":74},"end":{"line":301,"column":115}},"77":{"start":{"line":328,"column":39},"end":{"line":328,"column":null}},"78":{"start":{"line":336,"column":47},"end":{"line":336,"column":null}},"79":{"start":{"line":382,"column":44},"end":{"line":384,"column":null}},"80":{"start":{"line":424,"column":44},"end":{"line":426,"column":null}},"81":{"start":{"line":436,"column":51},"end":{"line":436,"column":null}},"82":{"start":{"line":455,"column":39},"end":{"line":455,"column":null}},"83":{"start":{"line":463,"column":47},"end":{"line":463,"column":null}},"84":{"start":{"line":510,"column":44},"end":{"line":512,"column":null}},"85":{"start":{"line":551,"column":44},"end":{"line":553,"column":null}},"86":{"start":{"line":563,"column":51},"end":{"line":563,"column":null}}},"fnMap":{"0":{"name":"(anonymous_0)","decl":{"start":{"line":10,"column":23},"end":{"line":10,"column":29}},"loc":{"start":{"line":10,"column":29},"end":{"line":581,"column":null}},"line":10},"1":{"name":"(anonymous_1)","decl":{"start":{"line":11,"column":48},"end":{"line":11,"column":49}},"loc":{"start":{"line":11,"column":70},"end":{"line":11,"column":83}},"line":11},"2":{"name":"(anonymous_2)","decl":{"start":{"line":12,"column":44},"end":{"line":12,"column":45}},"loc":{"start":{"line":12,"column":66},"end":{"line":12,"column":85}},"line":12},"3":{"name":"(anonymous_3)","decl":{"start":{"line":13,"column":36},"end":{"line":13,"column":37}},"loc":{"start":{"line":13,"column":58},"end":{"line":13,"column":70}},"line":13},"4":{"name":"(anonymous_4)","decl":{"start":{"line":14,"column":38},"end":{"line":14,"column":39}},"loc":{"start":{"line":14,"column":60},"end":{"line":14,"column":87}},"line":14},"5":{"name":"(anonymous_5)","decl":{"start":{"line":36,"column":14},"end":{"line":36,"column":20}},"loc":{"start":{"line":36,"column":20},"end":{"line":51,"column":7}},"line":36},"6":{"name":"(anonymous_6)","decl":{"start":{"line":40,"column":30},"end":{"line":40,"column":42}},"loc":{"start":{"line":40,"column":42},"end":{"line":48,"column":null}},"line":40},"7":{"name":"(anonymous_7)","decl":{"start":{"line":53,"column":30},"end":{"line":53,"column":31}},"loc":{"start":{"line":53,"column":94},"end":{"line":59,"column":null}},"line":53},"8":{"name":"(anonymous_8)","decl":{"start":{"line":55,"column":20},"end":{"line":55,"column":29}},"loc":{"start":{"line":55,"column":29},"end":{"line":58,"column":10}},"line":55},"9":{"name":"(anonymous_9)","decl":{"start":{"line":60,"column":29},"end":{"line":60,"column":30}},"loc":{"start":{"line":60,"column":93},"end":{"line":66,"column":null}},"line":60},"10":{"name":"(anonymous_10)","decl":{"start":{"line":62,"column":24},"end":{"line":62,"column":33}},"loc":{"start":{"line":62,"column":33},"end":{"line":65,"column":10}},"line":62},"11":{"name":"(anonymous_11)","decl":{"start":{"line":68,"column":25},"end":{"line":68,"column":37}},"loc":{"start":{"line":68,"column":37},"end":{"line":95,"column":null}},"line":68},"12":{"name":"(anonymous_12)","decl":{"start":{"line":97,"column":26},"end":{"line":97,"column":33}},"loc":{"start":{"line":97,"column":55},"end":{"line":116,"column":null}},"line":97},"13":{"name":"(anonymous_13)","decl":{"start":{"line":118,"column":30},"end":{"line":118,"column":42}},"loc":{"start":{"line":118,"column":42},"end":{"line":137,"column":null}},"line":118},"14":{"name":"(anonymous_14)","decl":{"start":{"line":139,"column":32},"end":{"line":139,"column":39}},"loc":{"start":{"line":139,"column":61},"end":{"line":153,"column":null}},"line":139},"15":{"name":"(anonymous_15)","decl":{"start":{"line":161,"column":37},"end":{"line":161,"column":43}},"loc":{"start":{"line":161,"column":43},"end":{"line":161,"column":null}},"line":161},"16":{"name":"(anonymous_16)","decl":{"start":{"line":169,"column":42},"end":{"line":169,"column":43}},"loc":{"start":{"line":169,"column":55},"end":{"line":169,"column":null}},"line":169},"17":{"name":"(anonymous_17)","decl":{"start":{"line":231,"column":53},"end":{"line":231,"column":64}},"loc":{"start":{"line":231,"column":64},"end":{"line":231,"column":92}},"line":231},"18":{"name":"(anonymous_18)","decl":{"start":{"line":231,"column":98},"end":{"line":231,"column":null}},"loc":{"start":{"line":232,"column":40},"end":{"line":311,"column":null}},"line":232},"19":{"name":"(anonymous_19)","decl":{"start":{"line":250,"column":61},"end":{"line":250,"column":67}},"loc":{"start":{"line":250,"column":67},"end":{"line":250,"column":null}},"line":250},"20":{"name":"(anonymous_20)","decl":{"start":{"line":258,"column":61},"end":{"line":258,"column":67}},"loc":{"start":{"line":258,"column":67},"end":{"line":258,"column":null}},"line":258},"21":{"name":"(anonymous_21)","decl":{"start":{"line":301,"column":62},"end":{"line":301,"column":63}},"loc":{"start":{"line":301,"column":74},"end":{"line":301,"column":115}},"line":301},"22":{"name":"(anonymous_22)","decl":{"start":{"line":328,"column":33},"end":{"line":328,"column":39}},"loc":{"start":{"line":328,"column":39},"end":{"line":328,"column":null}},"line":328},"23":{"name":"(anonymous_23)","decl":{"start":{"line":336,"column":41},"end":{"line":336,"column":47}},"loc":{"start":{"line":336,"column":47},"end":{"line":336,"column":null}},"line":336},"24":{"name":"(anonymous_24)","decl":{"start":{"line":381,"column":61},"end":{"line":381,"column":null}},"loc":{"start":{"line":382,"column":44},"end":{"line":384,"column":null}},"line":382},"25":{"name":"(anonymous_25)","decl":{"start":{"line":423,"column":53},"end":{"line":423,"column":null}},"loc":{"start":{"line":424,"column":44},"end":{"line":426,"column":null}},"line":424},"26":{"name":"(anonymous_26)","decl":{"start":{"line":436,"column":45},"end":{"line":436,"column":51}},"loc":{"start":{"line":436,"column":51},"end":{"line":436,"column":null}},"line":436},"27":{"name":"(anonymous_27)","decl":{"start":{"line":455,"column":33},"end":{"line":455,"column":39}},"loc":{"start":{"line":455,"column":39},"end":{"line":455,"column":null}},"line":455},"28":{"name":"(anonymous_28)","decl":{"start":{"line":463,"column":41},"end":{"line":463,"column":47}},"loc":{"start":{"line":463,"column":47},"end":{"line":463,"column":null}},"line":463},"29":{"name":"(anonymous_29)","decl":{"start":{"line":509,"column":61},"end":{"line":509,"column":null}},"loc":{"start":{"line":510,"column":44},"end":{"line":512,"column":null}},"line":510},"30":{"name":"(anonymous_30)","decl":{"start":{"line":550,"column":53},"end":{"line":550,"column":null}},"loc":{"start":{"line":551,"column":44},"end":{"line":553,"column":null}},"line":551},"31":{"name":"(anonymous_31)","decl":{"start":{"line":563,"column":45},"end":{"line":563,"column":51}},"loc":{"start":{"line":563,"column":51},"end":{"line":563,"column":null}},"line":563}},"branchMap":{"0":{"loc":{"start":{"line":41,"column":12},"end":{"line":41,"column":null}},"type":"if","locations":[{"start":{"line":41,"column":12},"end":{"line":41,"column":null}},{"start":{},"end":{}}],"line":41},"1":{"loc":{"start":{"line":43,"column":12},"end":{"line":47,"column":null}},"type":"if","locations":[{"start":{"line":43,"column":12},"end":{"line":47,"column":null}},{"start":{"line":45,"column":19},"end":{"line":47,"column":null}}],"line":43},"2":{"loc":{"start":{"line":80,"column":12},"end":{"line":91,"column":null}},"type":"if","locations":[{"start":{"line":80,"column":12},"end":{"line":91,"column":null}},{"start":{},"end":{}}],"line":80},"3":{"loc":{"start":{"line":102,"column":8},"end":{"line":115,"column":null}},"type":"if","locations":[{"start":{"line":102,"column":8},"end":{"line":115,"column":null}},{"start":{},"end":{}}],"line":102},"4":{"loc":{"start":{"line":102,"column":12},"end":{"line":102,"column":43}},"type":"binary-expr","locations":[{"start":{"line":102,"column":12},"end":{"line":102,"column":30}},{"start":{"line":102,"column":30},"end":{"line":102,"column":43}}],"line":102},"5":{"loc":{"start":{"line":104,"column":29},"end":{"line":104,"column":null}},"type":"binary-expr","locations":[{"start":{"line":104,"column":29},"end":{"line":104,"column":56}},{"start":{"line":104,"column":56},"end":{"line":104,"column":null}}],"line":104},"6":{"loc":{"start":{"line":105,"column":29},"end":{"line":105,"column":null}},"type":"binary-expr","locations":[{"start":{"line":105,"column":29},"end":{"line":105,"column":56}},{"start":{"line":105,"column":56},"end":{"line":105,"column":null}}],"line":105},"7":{"loc":{"start":{"line":106,"column":33},"end":{"line":106,"column":null}},"type":"binary-expr","locations":[{"start":{"line":106,"column":33},"end":{"line":106,"column":64}},{"start":{"line":106,"column":64},"end":{"line":106,"column":null}}],"line":106},"8":{"loc":{"start":{"line":107,"column":35},"end":{"line":109,"column":null}},"type":"cond-expr","locations":[{"start":{"line":108,"column":22},"end":{"line":108,"column":null}},{"start":{"line":109,"column":22},"end":{"line":109,"column":null}}],"line":107},"9":{"loc":{"start":{"line":110,"column":33},"end":{"line":112,"column":null}},"type":"cond-expr","locations":[{"start":{"line":111,"column":22},"end":{"line":111,"column":null}},{"start":{"line":112,"column":22},"end":{"line":112,"column":null}}],"line":110},"10":{"loc":{"start":{"line":113,"column":31},"end":{"line":113,"column":null}},"type":"binary-expr","locations":[{"start":{"line":113,"column":31},"end":{"line":113,"column":60}},{"start":{"line":113,"column":60},"end":{"line":113,"column":null}}],"line":113},"11":{"loc":{"start":{"line":119,"column":8},"end":{"line":119,"column":null}},"type":"if","locations":[{"start":{"line":119,"column":8},"end":{"line":119,"column":null}},{"start":{},"end":{}}],"line":119},"12":{"loc":{"start":{"line":130,"column":12},"end":{"line":133,"column":null}},"type":"if","locations":[{"start":{"line":130,"column":12},"end":{"line":133,"column":null}},{"start":{},"end":{}}],"line":130},"13":{"loc":{"start":{"line":141,"column":8},"end":{"line":141,"column":null}},"type":"if","locations":[{"start":{"line":141,"column":8},"end":{"line":141,"column":null}},{"start":{},"end":{}}],"line":141},"14":{"loc":{"start":{"line":144,"column":12},"end":{"line":148,"column":null}},"type":"if","locations":[{"start":{"line":144,"column":12},"end":{"line":148,"column":null}},{"start":{"line":146,"column":19},"end":{"line":148,"column":null}}],"line":144},"15":{"loc":{"start":{"line":147,"column":32},"end":{"line":147,"column":87}},"type":"binary-expr","locations":[{"start":{"line":147,"column":32},"end":{"line":147,"column":48}},{"start":{"line":147,"column":48},"end":{"line":147,"column":87}}],"line":147},"16":{"loc":{"start":{"line":191,"column":21},"end":{"line":315,"column":null}},"type":"cond-expr","locations":[{"start":{"line":192,"column":24},"end":{"line":192,"column":null}},{"start":{"line":194,"column":24},"end":{"line":315,"column":null}}],"line":191},"17":{"loc":{"start":{"line":274,"column":53},"end":{"line":274,"column":null}},"type":"binary-expr","locations":[{"start":{"line":274,"column":53},"end":{"line":274,"column":82}},{"start":{"line":274,"column":82},"end":{"line":274,"column":null}}],"line":274},"18":{"loc":{"start":{"line":285,"column":49},"end":{"line":287,"column":null}},"type":"cond-expr","locations":[{"start":{"line":286,"column":54},"end":{"line":286,"column":null}},{"start":{"line":287,"column":54},"end":{"line":287,"column":null}}],"line":285},"19":{"loc":{"start":{"line":291,"column":49},"end":{"line":293,"column":null}},"type":"cond-expr","locations":[{"start":{"line":292,"column":54},"end":{"line":292,"column":null}},{"start":{"line":293,"column":54},"end":{"line":293,"column":null}}],"line":291},"20":{"loc":{"start":{"line":301,"column":49},"end":{"line":301,"column":null}},"type":"binary-expr","locations":[{"start":{"line":301,"column":49},"end":{"line":301,"column":136}},{"start":{"line":301,"column":136},"end":{"line":301,"column":null}}],"line":301},"21":{"loc":{"start":{"line":318,"column":21},"end":{"line":321,"column":null}},"type":"binary-expr","locations":[{"start":{"line":318,"column":21},"end":{"line":318,"column":46}},{"start":{"line":318,"column":46},"end":{"line":318,"column":null}},{"start":{"line":319,"column":24},"end":{"line":321,"column":null}}],"line":318},"22":{"loc":{"start":{"line":325,"column":13},"end":{"line":450,"column":null}},"type":"binary-expr","locations":[{"start":{"line":325,"column":13},"end":{"line":325,"column":null}},{"start":{"line":326,"column":16},"end":{"line":450,"column":null}}],"line":325},"23":{"loc":{"start":{"line":452,"column":13},"end":{"line":577,"column":null}},"type":"binary-expr","locations":[{"start":{"line":452,"column":13},"end":{"line":452,"column":32}},{"start":{"line":452,"column":32},"end":{"line":452,"column":null}},{"start":{"line":453,"column":16},"end":{"line":577,"column":null}}],"line":452}},"s":{"0":1,"1":159,"2":182,"3":159,"4":182,"5":159,"6":182,"7":159,"8":182,"9":159,"10":159,"11":159,"12":159,"13":159,"14":159,"15":159,"16":24,"17":24,"18":24,"19":24,"20":0,"21":24,"22":1,"23":23,"24":24,"25":159,"26":60,"27":60,"28":60,"29":159,"30":46,"31":46,"32":46,"33":159,"34":2,"35":2,"36":2,"37":1,"38":1,"39":1,"40":1,"41":1,"42":159,"43":8,"44":8,"45":8,"46":8,"47":8,"48":159,"49":2,"50":0,"51":2,"52":2,"53":2,"54":1,"55":1,"56":1,"57":1,"58":159,"59":4,"60":4,"61":1,"62":3,"63":3,"64":2,"65":1,"66":1,"67":1,"68":1,"69":159,"70":7,"71":1,"72":314,"73":157,"74":8,"75":4,"76":471,"77":1,"78":0,"79":201,"80":201,"81":1,"82":0,"83":1,"84":186,"85":186,"86":1},"f":{"0":159,"1":182,"2":182,"3":182,"4":182,"5":24,"6":24,"7":60,"8":60,"9":46,"10":46,"11":2,"12":8,"13":2,"14":4,"15":7,"16":1,"17":314,"18":157,"19":8,"20":4,"21":471,"22":1,"23":0,"24":201,"25":201,"26":1,"27":0,"28":1,"29":186,"30":186,"31":1},"b":{"0":[0,24],"1":[1,23],"2":[1,0],"3":[8,0],"4":[8,8],"5":[8,0],"6":[8,0],"7":[8,0],"8":[8,0],"9":[8,0],"10":[8,8],"11":[0,2],"12":[1,0],"13":[1,3],"14":[1,1],"15":[1,0],"16":[1,158],"17":[157,0],"18":[157,0],"19":[157,0],"20":[157,157],"21":[159,2,1],"22":[159,67],"23":[159,62,62]},"meta":{"lastBranch":24,"lastFunction":32,"lastStatement":87,"seen":{"s:10:23:581:Infinity":0,"f:10:23:10:29":0,"s:11:32:11:Infinity":1,"f:11:48:11:49":1,"s:11:70:11:83":2,"s:12:28:12:Infinity":3,"f:12:44:12:45":2,"s:12:66:12:85":4,"s:13:20:13:Infinity":5,"f:13:36:13:37":3,"s:13:58:13:70":6,"s:14:10:14:Infinity":7,"f:14:38:14:39":4,"s:14:60:14:87":8,"s:15:46:15:Infinity":9,"s:16:42:16:Infinity":10,"s:17:38:17:Infinity":11,"s:18:46:18:Infinity":12,"s:19:32:26:Infinity":13,"s:28:40:35:Infinity":14,"s:36:4:51:Infinity":15,"f:36:14:36:20":5,"s:37:8:37:Infinity":16,"s:38:8:38:Infinity":17,"s:40:30:48:Infinity":18,"f:40:30:40:42":6,"b:41:12:41:Infinity:undefined:undefined:undefined:undefined":0,"s:41:12:41:Infinity":19,"s:41:32:41:Infinity":20,"b:43:12:47:Infinity:45:19:47:Infinity":1,"s:43:12:47:Infinity":21,"s:44:16:44:Infinity":22,"s:46:16:46:Infinity":23,"s:50:8:50:Infinity":24,"s:53:30:59:Infinity":25,"f:53:30:53:31":7,"s:54:32:54:Infinity":26,"s:55:8:58:Infinity":27,"f:55:20:55:29":8,"s:55:29:58:10":28,"s:60:29:66:Infinity":29,"f:60:29:60:30":9,"s:61:32:61:Infinity":30,"s:62:8:65:Infinity":31,"f:62:24:62:33":10,"s:62:33:65:10":32,"s:68:25:95:Infinity":33,"f:68:25:68:37":11,"s:69:8:94:Infinity":34,"s:70:31:77:Infinity":35,"s:78:27:78:Infinity":36,"b:80:12:91:Infinity:undefined:undefined:undefined:undefined":2,"s:80:12:91:Infinity":37,"s:81:16:81:Infinity":38,"s:82:16:82:Infinity":39,"s:83:16:90:Infinity":40,"s:93:12:93:Infinity":41,"s:97:26:116:Infinity":42,"f:97:26:97:33":12,"s:98:8:98:Infinity":43,"s:99:8:99:Infinity":44,"s:101:23:101:Infinity":45,"b:102:8:115:Infinity:undefined:undefined:undefined:undefined":3,"s:102:8:115:Infinity":46,"b:102:12:102:30:102:30:102:43":4,"s:103:12:114:Infinity":47,"b:104:29:104:56:104:56:104:Infinity":5,"b:105:29:105:56:105:56:105:Infinity":6,"b:106:33:106:64:106:64:106:Infinity":7,"b:108:22:108:Infinity:109:22:109:Infinity":8,"b:111:22:111:Infinity:112:22:112:Infinity":9,"b:113:31:113:60:113:60:113:Infinity":10,"s:118:30:137:Infinity":48,"f:118:30:118:42":13,"b:119:8:119:Infinity:undefined:undefined:undefined:undefined":11,"s:119:8:119:Infinity":49,"s:119:28:119:Infinity":50,"s:120:8:136:Infinity":51,"s:121:31:128:Infinity":52,"s:129:27:129:Infinity":53,"b:130:12:133:Infinity:undefined:undefined:undefined:undefined":12,"s:130:12:133:Infinity":54,"s:131:16:131:Infinity":55,"s:132:16:132:Infinity":56,"s:135:12:135:Infinity":57,"s:139:32:153:Infinity":58,"f:139:32:139:39":14,"s:140:26:140:Infinity":59,"b:141:8:141:Infinity:undefined:undefined:undefined:undefined":13,"s:141:8:141:Infinity":60,"s:141:24:141:Infinity":61,"s:142:8:152:Infinity":62,"s:143:27:143:Infinity":63,"b:144:12:148:Infinity:146:19:148:Infinity":14,"s:144:12:148:Infinity":64,"s:145:16:145:Infinity":65,"s:147:16:147:Infinity":66,"b:147:32:147:48:147:48:147:87":15,"s:150:12:150:Infinity":67,"s:151:12:151:Infinity":68,"s:155:4:579:Infinity":69,"f:161:37:161:43":15,"s:161:43:161:Infinity":70,"f:169:42:169:43":16,"s:169:55:169:Infinity":71,"b:192:24:192:Infinity:194:24:315:Infinity":16,"f:231:53:231:64":17,"s:231:64:231:92":72,"f:231:98:231:Infinity":18,"s:232:40:311:Infinity":73,"f:250:61:250:67":19,"s:250:67:250:Infinity":74,"f:258:61:258:67":20,"s:258:67:258:Infinity":75,"b:274:53:274:82:274:82:274:Infinity":17,"b:286:54:286:Infinity:287:54:287:Infinity":18,"b:292:54:292:Infinity:293:54:293:Infinity":19,"b:301:49:301:136:301:136:301:Infinity":20,"f:301:62:301:63":21,"s:301:74:301:115":76,"b:318:21:318:46:318:46:318:Infinity:319:24:321:Infinity":21,"b:325:13:325:Infinity:326:16:450:Infinity":22,"f:328:33:328:39":22,"s:328:39:328:Infinity":77,"f:336:41:336:47":23,"s:336:47:336:Infinity":78,"f:381:61:381:Infinity":24,"s:382:44:384:Infinity":79,"f:423:53:423:Infinity":25,"s:424:44:426:Infinity":80,"f:436:45:436:51":26,"s:436:51:436:Infinity":81,"b:452:13:452:32:452:32:452:Infinity:453:16:577:Infinity":23,"f:455:33:455:39":27,"s:455:39:455:Infinity":82,"f:463:41:463:47":28,"s:463:47:463:Infinity":83,"f:509:61:509:Infinity":29,"s:510:44:512:Infinity":84,"f:550:53:550:Infinity":30,"s:551:44:553:Infinity":85,"f:563:45:563:51":31,"s:563:51:563:Infinity":86}}}
,"E:\\Intern_W2\\frontend-react\\src\\pages\\auth\\ForgotPasssword.tsx": {"path":"E:\\Intern_W2\\frontend-react\\src\\pages\\auth\\ForgotPasssword.tsx","statementMap":{"0":{"start":{"line":6,"column":33},"end":{"line":75,"column":null}},"1":{"start":{"line":7,"column":19},"end":{"line":7,"column":null}},"2":{"start":{"line":8,"column":30},"end":{"line":8,"column":null}},"3":{"start":{"line":10,"column":21},"end":{"line":21,"column":null}},"4":{"start":{"line":11,"column":8},"end":{"line":11,"column":null}},"5":{"start":{"line":12,"column":23},"end":{"line":12,"column":null}},"6":{"start":{"line":13,"column":8},"end":{"line":13,"column":null}},"7":{"start":{"line":15,"column":8},"end":{"line":20,"column":null}},"8":{"start":{"line":16,"column":12},"end":{"line":16,"column":null}},"9":{"start":{"line":17,"column":12},"end":{"line":17,"column":null}},"10":{"start":{"line":19,"column":12},"end":{"line":19,"column":null}},"11":{"start":{"line":23,"column":4},"end":{"line":73,"column":null}}},"fnMap":{"0":{"name":"(anonymous_0)","decl":{"start":{"line":6,"column":33},"end":{"line":6,"column":39}},"loc":{"start":{"line":6,"column":39},"end":{"line":75,"column":null}},"line":6},"1":{"name":"(anonymous_1)","decl":{"start":{"line":10,"column":21},"end":{"line":10,"column":28}},"loc":{"start":{"line":10,"column":58},"end":{"line":21,"column":null}},"line":10}},"branchMap":{"0":{"loc":{"start":{"line":15,"column":8},"end":{"line":20,"column":null}},"type":"if","locations":[{"start":{"line":15,"column":8},"end":{"line":20,"column":null}},{"start":{"line":18,"column":15},"end":{"line":20,"column":null}}],"line":15},"1":{"loc":{"start":{"line":19,"column":26},"end":{"line":19,"column":68}},"type":"binary-expr","locations":[{"start":{"line":19,"column":26},"end":{"line":19,"column":42}},{"start":{"line":19,"column":42},"end":{"line":19,"column":68}}],"line":19}},"s":{"0":0,"1":0,"2":0,"3":0,"4":0,"5":0,"6":0,"7":0,"8":0,"9":0,"10":0,"11":0},"f":{"0":0,"1":0},"b":{"0":[0,0],"1":[0,0]},"meta":{"lastBranch":2,"lastFunction":2,"lastStatement":12,"seen":{"s:6:33:75:Infinity":0,"f:6:33:6:39":0,"s:7:19:7:Infinity":1,"s:8:30:8:Infinity":2,"s:10:21:21:Infinity":3,"f:10:21:10:28":1,"s:11:8:11:Infinity":4,"s:12:23:12:Infinity":5,"s:13:8:13:Infinity":6,"b:15:8:20:Infinity:18:15:20:Infinity":0,"s:15:8:20:Infinity":7,"s:16:12:16:Infinity":8,"s:17:12:17:Infinity":9,"s:19:12:19:Infinity":10,"b:19:26:19:42:19:42:19:68":1,"s:23:4:73:Infinity":11}}}
,"E:\\Intern_W2\\frontend-react\\src\\pages\\auth\\Login.tsx": {"path":"E:\\Intern_W2\\frontend-react\\src\\pages\\auth\\Login.tsx","statementMap":{"0":{"start":{"line":8,"column":24},"end":{"line":142,"column":null}},"1":{"start":{"line":9,"column":10},"end":{"line":9,"column":null}},"2":{"start":{"line":10,"column":46},"end":{"line":10,"column":null}},"3":{"start":{"line":12,"column":32},"end":{"line":15,"column":null}},"4":{"start":{"line":17,"column":25},"end":{"line":22,"column":null}},"5":{"start":{"line":18,"column":8},"end":{"line":21,"column":null}},"6":{"start":{"line":24,"column":43},"end":{"line":26,"column":null}},"7":{"start":{"line":25,"column":8},"end":{"line":25,"column":null}},"8":{"start":{"line":28,"column":25},"end":{"line":43,"column":null}},"9":{"start":{"line":29,"column":8},"end":{"line":42,"column":null}},"10":{"start":{"line":30,"column":27},"end":{"line":30,"column":null}},"11":{"start":{"line":32,"column":12},"end":{"line":39,"column":null}},"12":{"start":{"line":33,"column":16},"end":{"line":33,"column":null}},"13":{"start":{"line":34,"column":16},"end":{"line":36,"column":null}},"14":{"start":{"line":35,"column":20},"end":{"line":35,"column":null}},"15":{"start":{"line":38,"column":16},"end":{"line":38,"column":null}},"16":{"start":{"line":41,"column":12},"end":{"line":41,"column":null}},"17":{"start":{"line":45,"column":4},"end":{"line":140,"column":null}}},"fnMap":{"0":{"name":"(anonymous_0)","decl":{"start":{"line":8,"column":24},"end":{"line":8,"column":30}},"loc":{"start":{"line":8,"column":30},"end":{"line":142,"column":null}},"line":8},"1":{"name":"(anonymous_1)","decl":{"start":{"line":17,"column":25},"end":{"line":17,"column":26}},"loc":{"start":{"line":17,"column":69},"end":{"line":22,"column":null}},"line":17},"2":{"name":"(anonymous_2)","decl":{"start":{"line":24,"column":43},"end":{"line":24,"column":49}},"loc":{"start":{"line":24,"column":49},"end":{"line":26,"column":null}},"line":24},"3":{"name":"(anonymous_3)","decl":{"start":{"line":28,"column":25},"end":{"line":28,"column":37}},"loc":{"start":{"line":28,"column":37},"end":{"line":43,"column":null}},"line":28},"4":{"name":"(anonymous_4)","decl":{"start":{"line":34,"column":27},"end":{"line":34,"column":33}},"loc":{"start":{"line":34,"column":33},"end":{"line":36,"column":19}},"line":34}},"branchMap":{"0":{"loc":{"start":{"line":32,"column":12},"end":{"line":39,"column":null}},"type":"if","locations":[{"start":{"line":32,"column":12},"end":{"line":39,"column":null}},{"start":{"line":37,"column":19},"end":{"line":39,"column":null}}],"line":32},"1":{"loc":{"start":{"line":79,"column":38},"end":{"line":79,"column":null}},"type":"cond-expr","locations":[{"start":{"line":79,"column":56},"end":{"line":79,"column":65}},{"start":{"line":79,"column":65},"end":{"line":79,"column":null}}],"line":79},"2":{"loc":{"start":{"line":92,"column":33},"end":{"line":95,"column":null}},"type":"cond-expr","locations":[{"start":{"line":93,"column":36},"end":{"line":93,"column":null}},{"start":{"line":95,"column":36},"end":{"line":95,"column":null}}],"line":92}},"s":{"0":1,"1":40,"2":40,"3":40,"4":40,"5":32,"6":40,"7":2,"8":40,"9":3,"10":3,"11":2,"12":1,"13":1,"14":1,"15":1,"16":1,"17":40},"f":{"0":40,"1":32,"2":2,"3":3,"4":1},"b":{"0":[1,1],"1":[1,39],"2":[1,39]},"meta":{"lastBranch":3,"lastFunction":5,"lastStatement":18,"seen":{"s:8:24:142:Infinity":0,"f:8:24:8:30":0,"s:9:10:9:Infinity":1,"s:10:46:10:Infinity":2,"s:12:32:15:Infinity":3,"s:17:25:22:Infinity":4,"f:17:25:17:26":1,"s:18:8:21:Infinity":5,"s:24:43:26:Infinity":6,"f:24:43:24:49":2,"s:25:8:25:Infinity":7,"s:28:25:43:Infinity":8,"f:28:25:28:37":3,"s:29:8:42:Infinity":9,"s:30:27:30:Infinity":10,"b:32:12:39:Infinity:37:19:39:Infinity":0,"s:32:12:39:Infinity":11,"s:33:16:33:Infinity":12,"s:34:16:36:Infinity":13,"f:34:27:34:33":4,"s:35:20:35:Infinity":14,"s:38:16:38:Infinity":15,"s:41:12:41:Infinity":16,"s:45:4:140:Infinity":17,"b:79:56:79:65:79:65:79:Infinity":1,"b:93:36:93:Infinity:95:36:95:Infinity":2}}}
,"E:\\Intern_W2\\frontend-react\\src\\pages\\auth\\Register.tsx": {"path":"E:\\Intern_W2\\frontend-react\\src\\pages\\auth\\Register.tsx","statementMap":{"0":{"start":{"line":8,"column":27},"end":{"line":198,"column":null}},"1":{"start":{"line":9,"column":8},"end":{"line":9,"column":null}},"2":{"start":{"line":11,"column":30},"end":{"line":16,"column":null}},"3":{"start":{"line":18,"column":44},"end":{"line":18,"column":null}},"4":{"start":{"line":19,"column":44},"end":{"line":19,"column":null}},"5":{"start":{"line":20,"column":58},"end":{"line":20,"column":null}},"6":{"start":{"line":21,"column":28},"end":{"line":21,"column":null}},"7":{"start":{"line":23,"column":23},"end":{"line":28,"column":null}},"8":{"start":{"line":24,"column":4},"end":{"line":27,"column":null}},"9":{"start":{"line":30,"column":23},"end":{"line":49,"column":null}},"10":{"start":{"line":32,"column":4},"end":{"line":35,"column":null}},"11":{"start":{"line":33,"column":6},"end":{"line":33,"column":null}},"12":{"start":{"line":34,"column":6},"end":{"line":34,"column":null}},"13":{"start":{"line":37,"column":4},"end":{"line":37,"column":null}},"14":{"start":{"line":39,"column":19},"end":{"line":39,"column":null}},"15":{"start":{"line":41,"column":4},"end":{"line":41,"column":null}},"16":{"start":{"line":43,"column":4},"end":{"line":48,"column":null}},"17":{"start":{"line":44,"column":6},"end":{"line":44,"column":null}},"18":{"start":{"line":45,"column":6},"end":{"line":45,"column":null}},"19":{"start":{"line":47,"column":6},"end":{"line":47,"column":null}},"20":{"start":{"line":51,"column":41},"end":{"line":53,"column":null}},"21":{"start":{"line":52,"column":4},"end":{"line":52,"column":null}},"22":{"start":{"line":55,"column":48},"end":{"line":57,"column":null}},"23":{"start":{"line":56,"column":4},"end":{"line":56,"column":null}},"24":{"start":{"line":59,"column":2},"end":{"line":196,"column":null}},"25":{"start":{"line":155,"column":33},"end":{"line":155,"column":null}}},"fnMap":{"0":{"name":"(anonymous_0)","decl":{"start":{"line":8,"column":27},"end":{"line":8,"column":33}},"loc":{"start":{"line":8,"column":33},"end":{"line":198,"column":null}},"line":8},"1":{"name":"(anonymous_1)","decl":{"start":{"line":23,"column":23},"end":{"line":23,"column":24}},"loc":{"start":{"line":23,"column":67},"end":{"line":28,"column":null}},"line":23},"2":{"name":"(anonymous_2)","decl":{"start":{"line":30,"column":23},"end":{"line":30,"column":35}},"loc":{"start":{"line":30,"column":35},"end":{"line":49,"column":null}},"line":30},"3":{"name":"(anonymous_3)","decl":{"start":{"line":51,"column":41},"end":{"line":51,"column":47}},"loc":{"start":{"line":51,"column":47},"end":{"line":53,"column":null}},"line":51},"4":{"name":"(anonymous_4)","decl":{"start":{"line":55,"column":48},"end":{"line":55,"column":54}},"loc":{"start":{"line":55,"column":54},"end":{"line":57,"column":null}},"line":55},"5":{"name":"(anonymous_5)","decl":{"start":{"line":155,"column":26},"end":{"line":155,"column":27}},"loc":{"start":{"line":155,"column":33},"end":{"line":155,"column":null}},"line":155}},"branchMap":{"0":{"loc":{"start":{"line":32,"column":4},"end":{"line":35,"column":null}},"type":"if","locations":[{"start":{"line":32,"column":4},"end":{"line":35,"column":null}},{"start":{},"end":{}}],"line":32},"1":{"loc":{"start":{"line":43,"column":4},"end":{"line":48,"column":null}},"type":"if","locations":[{"start":{"line":43,"column":4},"end":{"line":48,"column":null}},{"start":{"line":46,"column":11},"end":{"line":48,"column":null}}],"line":43},"2":{"loc":{"start":{"line":47,"column":20},"end":{"line":47,"column":76}},"type":"binary-expr","locations":[{"start":{"line":47,"column":20},"end":{"line":47,"column":36}},{"start":{"line":47,"column":36},"end":{"line":47,"column":76}}],"line":47},"3":{"loc":{"start":{"line":124,"column":22},"end":{"line":124,"column":null}},"type":"cond-expr","locations":[{"start":{"line":124,"column":40},"end":{"line":124,"column":49}},{"start":{"line":124,"column":49},"end":{"line":124,"column":null}}],"line":124},"4":{"loc":{"start":{"line":138,"column":17},"end":{"line":141,"column":null}},"type":"cond-expr","locations":[{"start":{"line":139,"column":18},"end":{"line":139,"column":null}},{"start":{"line":141,"column":18},"end":{"line":141,"column":null}}],"line":138},"5":{"loc":{"start":{"line":153,"column":22},"end":{"line":153,"column":null}},"type":"cond-expr","locations":[{"start":{"line":153,"column":47},"end":{"line":153,"column":56}},{"start":{"line":153,"column":56},"end":{"line":153,"column":null}}],"line":153},"6":{"loc":{"start":{"line":166,"column":17},"end":{"line":169,"column":null}},"type":"cond-expr","locations":[{"start":{"line":167,"column":18},"end":{"line":167,"column":null}},{"start":{"line":169,"column":18},"end":{"line":169,"column":null}}],"line":166},"7":{"loc":{"start":{"line":180,"column":13},"end":{"line":180,"column":null}},"type":"cond-expr","locations":[{"start":{"line":180,"column":23},"end":{"line":180,"column":42}},{"start":{"line":180,"column":42},"end":{"line":180,"column":null}}],"line":180}},"s":{"0":1,"1":249,"2":249,"3":249,"4":249,"5":249,"6":249,"7":249,"8":205,"9":249,"10":5,"11":1,"12":1,"13":4,"14":4,"15":4,"16":4,"17":2,"18":2,"19":2,"20":249,"21":2,"22":249,"23":1,"24":249,"25":30},"f":{"0":249,"1":205,"2":5,"3":2,"4":1,"5":30},"b":{"0":[1,4],"1":[2,2],"2":[2,1],"3":[1,248],"4":[1,248],"5":[1,248],"6":[1,248],"7":[1,248]},"meta":{"lastBranch":8,"lastFunction":6,"lastStatement":26,"seen":{"s:8:27:198:Infinity":0,"f:8:27:8:33":0,"s:9:8:9:Infinity":1,"s:11:30:16:Infinity":2,"s:18:44:18:Infinity":3,"s:19:44:19:Infinity":4,"s:20:58:20:Infinity":5,"s:21:28:21:Infinity":6,"s:23:23:28:Infinity":7,"f:23:23:23:24":1,"s:24:4:27:Infinity":8,"s:30:23:49:Infinity":9,"f:30:23:30:35":2,"b:32:4:35:Infinity:undefined:undefined:undefined:undefined":0,"s:32:4:35:Infinity":10,"s:33:6:33:Infinity":11,"s:34:6:34:Infinity":12,"s:37:4:37:Infinity":13,"s:39:19:39:Infinity":14,"s:41:4:41:Infinity":15,"b:43:4:48:Infinity:46:11:48:Infinity":1,"s:43:4:48:Infinity":16,"s:44:6:44:Infinity":17,"s:45:6:45:Infinity":18,"s:47:6:47:Infinity":19,"b:47:20:47:36:47:36:47:76":2,"s:51:41:53:Infinity":20,"f:51:41:51:47":3,"s:52:4:52:Infinity":21,"s:55:48:57:Infinity":22,"f:55:48:55:54":4,"s:56:4:56:Infinity":23,"s:59:2:196:Infinity":24,"b:124:40:124:49:124:49:124:Infinity":3,"b:139:18:139:Infinity:141:18:141:Infinity":4,"b:153:47:153:56:153:56:153:Infinity":5,"f:155:26:155:27":5,"s:155:33:155:Infinity":25,"b:167:18:167:Infinity:169:18:169:Infinity":6,"b:180:23:180:42:180:42:180:Infinity":7}}}
,"E:\\Intern_W2\\frontend-react\\src\\pages\\auth\\ResetPassword.tsx": {"path":"E:\\Intern_W2\\frontend-react\\src\\pages\\auth\\ResetPassword.tsx","statementMap":{"0":{"start":{"line":7,"column":32},"end":{"line":123,"column":null}},"1":{"start":{"line":8,"column":46},"end":{"line":8,"column":null}},"2":{"start":{"line":9,"column":60},"end":{"line":9,"column":null}},"3":{"start":{"line":10,"column":23},"end":{"line":10,"column":null}},"4":{"start":{"line":11,"column":10},"end":{"line":11,"column":null}},"5":{"start":{"line":12,"column":19},"end":{"line":12,"column":null}},"6":{"start":{"line":13,"column":30},"end":{"line":13,"column":null}},"7":{"start":{"line":15,"column":18},"end":{"line":15,"column":null}},"8":{"start":{"line":16,"column":17},"end":{"line":16,"column":null}},"9":{"start":{"line":18,"column":21},"end":{"line":39,"column":null}},"10":{"start":{"line":19,"column":8},"end":{"line":22,"column":null}},"11":{"start":{"line":20,"column":12},"end":{"line":20,"column":null}},"12":{"start":{"line":21,"column":12},"end":{"line":21,"column":null}},"13":{"start":{"line":24,"column":8},"end":{"line":24,"column":null}},"14":{"start":{"line":25,"column":23},"end":{"line":30,"column":null}},"15":{"start":{"line":31,"column":8},"end":{"line":31,"column":null}},"16":{"start":{"line":33,"column":8},"end":{"line":38,"column":null}},"17":{"start":{"line":34,"column":12},"end":{"line":34,"column":null}},"18":{"start":{"line":35,"column":12},"end":{"line":35,"column":null}},"19":{"start":{"line":35,"column":29},"end":{"line":35,"column":49}},"20":{"start":{"line":37,"column":12},"end":{"line":37,"column":null}},"21":{"start":{"line":41,"column":4},"end":{"line":121,"column":null}},"22":{"start":{"line":69,"column":36},"end":{"line":69,"column":null}},"23":{"start":{"line":84,"column":52},"end":{"line":91,"column":null}},"24":{"start":{"line":86,"column":36},"end":{"line":88,"column":null}},"25":{"start":{"line":87,"column":40},"end":{"line":87,"column":null}},"26":{"start":{"line":89,"column":36},"end":{"line":89,"column":null}},"27":{"start":{"line":102,"column":36},"end":{"line":102,"column":null}}},"fnMap":{"0":{"name":"(anonymous_0)","decl":{"start":{"line":7,"column":32},"end":{"line":7,"column":38}},"loc":{"start":{"line":7,"column":38},"end":{"line":123,"column":null}},"line":7},"1":{"name":"(anonymous_1)","decl":{"start":{"line":18,"column":21},"end":{"line":18,"column":28}},"loc":{"start":{"line":18,"column":86},"end":{"line":39,"column":null}},"line":18},"2":{"name":"(anonymous_2)","decl":{"start":{"line":35,"column":23},"end":{"line":35,"column":29}},"loc":{"start":{"line":35,"column":29},"end":{"line":35,"column":49}},"line":35},"3":{"name":"(anonymous_3)","decl":{"start":{"line":68,"column":44},"end":{"line":68,"column":45}},"loc":{"start":{"line":69,"column":36},"end":{"line":69,"column":null}},"line":69},"4":{"name":"(anonymous_4)","decl":{"start":{"line":84,"column":28},"end":{"line":84,"column":29}},"loc":{"start":{"line":84,"column":52},"end":{"line":91,"column":null}},"line":84},"5":{"name":"(anonymous_5)","decl":{"start":{"line":85,"column":32},"end":{"line":85,"column":42}},"loc":{"start":{"line":85,"column":52},"end":{"line":90,"column":null}},"line":85},"6":{"name":"(anonymous_6)","decl":{"start":{"line":101,"column":44},"end":{"line":101,"column":45}},"loc":{"start":{"line":102,"column":36},"end":{"line":102,"column":null}},"line":102}},"branchMap":{"0":{"loc":{"start":{"line":19,"column":8},"end":{"line":22,"column":null}},"type":"if","locations":[{"start":{"line":19,"column":8},"end":{"line":22,"column":null}},{"start":{},"end":{}}],"line":19},"1":{"loc":{"start":{"line":19,"column":12},"end":{"line":19,"column":29}},"type":"binary-expr","locations":[{"start":{"line":19,"column":12},"end":{"line":19,"column":22}},{"start":{"line":19,"column":22},"end":{"line":19,"column":29}}],"line":19},"2":{"loc":{"start":{"line":33,"column":8},"end":{"line":38,"column":null}},"type":"if","locations":[{"start":{"line":33,"column":8},"end":{"line":38,"column":null}},{"start":{"line":36,"column":15},"end":{"line":38,"column":null}}],"line":33},"3":{"loc":{"start":{"line":37,"column":26},"end":{"line":37,"column":66}},"type":"binary-expr","locations":[{"start":{"line":37,"column":26},"end":{"line":37,"column":42}},{"start":{"line":37,"column":42},"end":{"line":37,"column":66}}],"line":37},"4":{"loc":{"start":{"line":69,"column":36},"end":{"line":69,"column":null}},"type":"cond-expr","locations":[{"start":{"line":69,"column":46},"end":{"line":69,"column":83}},{"start":{"line":69,"column":83},"end":{"line":69,"column":null}}],"line":69},"5":{"loc":{"start":{"line":86,"column":36},"end":{"line":88,"column":null}},"type":"if","locations":[{"start":{"line":86,"column":36},"end":{"line":88,"column":null}},{"start":{},"end":{}}],"line":86},"6":{"loc":{"start":{"line":86,"column":40},"end":{"line":86,"column":87}},"type":"binary-expr","locations":[{"start":{"line":86,"column":40},"end":{"line":86,"column":50}},{"start":{"line":86,"column":50},"end":{"line":86,"column":87}}],"line":86},"7":{"loc":{"start":{"line":102,"column":36},"end":{"line":102,"column":null}},"type":"cond-expr","locations":[{"start":{"line":102,"column":46},"end":{"line":102,"column":83}},{"start":{"line":102,"column":83},"end":{"line":102,"column":null}}],"line":102}},"s":{"0":0,"1":0,"2":0,"3":0,"4":0,"5":0,"6":0,"7":0,"8":0,"9":0,"10":0,"11":0,"12":0,"13":0,"14":0,"15":0,"16":0,"17":0,"18":0,"19":0,"20":0,"21":0,"22":0,"23":0,"24":0,"25":0,"26":0,"27":0},"f":{"0":0,"1":0,"2":0,"3":0,"4":0,"5":0,"6":0},"b":{"0":[0,0],"1":[0,0],"2":[0,0],"3":[0,0],"4":[0,0],"5":[0,0],"6":[0,0],"7":[0,0]},"meta":{"lastBranch":8,"lastFunction":7,"lastStatement":28,"seen":{"s:7:32:123:Infinity":0,"f:7:32:7:38":0,"s:8:46:8:Infinity":1,"s:9:60:9:Infinity":2,"s:10:23:10:Infinity":3,"s:11:10:11:Infinity":4,"s:12:19:12:Infinity":5,"s:13:30:13:Infinity":6,"s:15:18:15:Infinity":7,"s:16:17:16:Infinity":8,"s:18:21:39:Infinity":9,"f:18:21:18:28":1,"b:19:8:22:Infinity:undefined:undefined:undefined:undefined":0,"s:19:8:22:Infinity":10,"b:19:12:19:22:19:22:19:29":1,"s:20:12:20:Infinity":11,"s:21:12:21:Infinity":12,"s:24:8:24:Infinity":13,"s:25:23:30:Infinity":14,"s:31:8:31:Infinity":15,"b:33:8:38:Infinity:36:15:38:Infinity":2,"s:33:8:38:Infinity":16,"s:34:12:34:Infinity":17,"s:35:12:35:Infinity":18,"f:35:23:35:29":2,"s:35:29:35:49":19,"s:37:12:37:Infinity":20,"b:37:26:37:42:37:42:37:66":3,"s:41:4:121:Infinity":21,"f:68:44:68:45":3,"s:69:36:69:Infinity":22,"b:69:46:69:83:69:83:69:Infinity":4,"f:84:28:84:29":4,"s:84:52:91:Infinity":23,"f:85:32:85:42":5,"b:86:36:88:Infinity:undefined:undefined:undefined:undefined":5,"s:86:36:88:Infinity":24,"b:86:40:86:50:86:50:86:87":6,"s:87:40:87:Infinity":25,"s:89:36:89:Infinity":26,"f:101:44:101:45":6,"s:102:36:102:Infinity":27,"b:102:46:102:83:102:83:102:Infinity":7}}}
,"E:\\Intern_W2\\frontend-react\\src\\pages\\auth\\verifyEmail.tsx": {"path":"E:\\Intern_W2\\frontend-react\\src\\pages\\auth\\verifyEmail.tsx","statementMap":{"0":{"start":{"line":5,"column":34},"end":{"line":100,"column":null}},"1":{"start":{"line":6,"column":21},"end":{"line":6,"column":null}},"2":{"start":{"line":7,"column":8},"end":{"line":7,"column":null}},"3":{"start":{"line":8,"column":26},"end":{"line":8,"column":null}},"4":{"start":{"line":9,"column":28},"end":{"line":9,"column":null}},"5":{"start":{"line":11,"column":2},"end":{"line":44,"column":null}},"6":{"start":{"line":12,"column":18},"end":{"line":12,"column":null}},"7":{"start":{"line":13,"column":17},"end":{"line":13,"column":null}},"8":{"start":{"line":15,"column":4},"end":{"line":17,"column":null}},"9":{"start":{"line":16,"column":6},"end":{"line":16,"column":null}},"10":{"start":{"line":20,"column":19},"end":{"line":41,"column":null}},"11":{"start":{"line":21,"column":6},"end":{"line":40,"column":null}},"12":{"start":{"line":22,"column":23},"end":{"line":22,"column":null}},"13":{"start":{"line":24,"column":8},"end":{"line":35,"column":null}},"14":{"start":{"line":25,"column":10},"end":{"line":25,"column":null}},"15":{"start":{"line":26,"column":10},"end":{"line":26,"column":null}},"16":{"start":{"line":29,"column":10},"end":{"line":31,"column":null}},"17":{"start":{"line":30,"column":12},"end":{"line":30,"column":null}},"18":{"start":{"line":33,"column":10},"end":{"line":33,"column":null}},"19":{"start":{"line":34,"column":10},"end":{"line":34,"column":null}},"20":{"start":{"line":37,"column":8},"end":{"line":37,"column":null}},"21":{"start":{"line":38,"column":8},"end":{"line":38,"column":null}},"22":{"start":{"line":39,"column":8},"end":{"line":39,"column":null}},"23":{"start":{"line":43,"column":4},"end":{"line":43,"column":null}},"24":{"start":{"line":46,"column":2},"end":{"line":98,"column":null}},"25":{"start":{"line":71,"column":29},"end":{"line":71,"column":null}},"26":{"start":{"line":89,"column":29},"end":{"line":89,"column":null}}},"fnMap":{"0":{"name":"(anonymous_0)","decl":{"start":{"line":5,"column":34},"end":{"line":5,"column":40}},"loc":{"start":{"line":5,"column":40},"end":{"line":100,"column":null}},"line":5},"1":{"name":"(anonymous_1)","decl":{"start":{"line":11,"column":12},"end":{"line":11,"column":18}},"loc":{"start":{"line":11,"column":18},"end":{"line":44,"column":5}},"line":11},"2":{"name":"(anonymous_2)","decl":{"start":{"line":20,"column":19},"end":{"line":20,"column":31}},"loc":{"start":{"line":20,"column":31},"end":{"line":41,"column":null}},"line":20},"3":{"name":"(anonymous_3)","decl":{"start":{"line":29,"column":21},"end":{"line":29,"column":27}},"loc":{"start":{"line":29,"column":27},"end":{"line":31,"column":13}},"line":29},"4":{"name":"(anonymous_4)","decl":{"start":{"line":71,"column":23},"end":{"line":71,"column":29}},"loc":{"start":{"line":71,"column":29},"end":{"line":71,"column":null}},"line":71},"5":{"name":"(anonymous_5)","decl":{"start":{"line":89,"column":23},"end":{"line":89,"column":29}},"loc":{"start":{"line":89,"column":29},"end":{"line":89,"column":null}},"line":89}},"branchMap":{"0":{"loc":{"start":{"line":15,"column":4},"end":{"line":17,"column":null}},"type":"if","locations":[{"start":{"line":15,"column":4},"end":{"line":17,"column":null}},{"start":{},"end":{}}],"line":15},"1":{"loc":{"start":{"line":15,"column":8},"end":{"line":15,"column":25}},"type":"binary-expr","locations":[{"start":{"line":15,"column":8},"end":{"line":15,"column":18}},{"start":{"line":15,"column":18},"end":{"line":15,"column":25}}],"line":15},"2":{"loc":{"start":{"line":24,"column":8},"end":{"line":35,"column":null}},"type":"if","locations":[{"start":{"line":24,"column":8},"end":{"line":35,"column":null}},{"start":{"line":32,"column":15},"end":{"line":35,"column":null}}],"line":24},"3":{"loc":{"start":{"line":34,"column":21},"end":{"line":34,"column":75}},"type":"binary-expr","locations":[{"start":{"line":34,"column":21},"end":{"line":34,"column":37}},{"start":{"line":34,"column":37},"end":{"line":34,"column":75}}],"line":34},"4":{"loc":{"start":{"line":50,"column":9},"end":{"line":55,"column":null}},"type":"binary-expr","locations":[{"start":{"line":50,"column":9},"end":{"line":50,"column":null}},{"start":{"line":51,"column":10},"end":{"line":55,"column":null}}],"line":50},"5":{"loc":{"start":{"line":58,"column":9},"end":{"line":76,"column":null}},"type":"binary-expr","locations":[{"start":{"line":58,"column":9},"end":{"line":58,"column":null}},{"start":{"line":59,"column":10},"end":{"line":76,"column":null}}],"line":58},"6":{"loc":{"start":{"line":79,"column":9},"end":{"line":94,"column":null}},"type":"binary-expr","locations":[{"start":{"line":79,"column":9},"end":{"line":79,"column":null}},{"start":{"line":80,"column":10},"end":{"line":94,"column":null}}],"line":79}},"s":{"0":0,"1":0,"2":0,"3":0,"4":0,"5":0,"6":0,"7":0,"8":0,"9":0,"10":0,"11":0,"12":0,"13":0,"14":0,"15":0,"16":0,"17":0,"18":0,"19":0,"20":0,"21":0,"22":0,"23":0,"24":0,"25":0,"26":0},"f":{"0":0,"1":0,"2":0,"3":0,"4":0,"5":0},"b":{"0":[0,0],"1":[0,0],"2":[0,0],"3":[0,0],"4":[0,0],"5":[0,0],"6":[0,0]},"meta":{"lastBranch":7,"lastFunction":6,"lastStatement":27,"seen":{"s:5:34:100:Infinity":0,"f:5:34:5:40":0,"s:6:21:6:Infinity":1,"s:7:8:7:Infinity":2,"s:8:26:8:Infinity":3,"s:9:28:9:Infinity":4,"s:11:2:44:Infinity":5,"f:11:12:11:18":1,"s:12:18:12:Infinity":6,"s:13:17:13:Infinity":7,"b:15:4:17:Infinity:undefined:undefined:undefined:undefined":0,"s:15:4:17:Infinity":8,"b:15:8:15:18:15:18:15:25":1,"s:16:6:16:Infinity":9,"s:20:19:41:Infinity":10,"f:20:19:20:31":2,"s:21:6:40:Infinity":11,"s:22:23:22:Infinity":12,"b:24:8:35:Infinity:32:15:35:Infinity":2,"s:24:8:35:Infinity":13,"s:25:10:25:Infinity":14,"s:26:10:26:Infinity":15,"s:29:10:31:Infinity":16,"f:29:21:29:27":3,"s:30:12:30:Infinity":17,"s:33:10:33:Infinity":18,"s:34:10:34:Infinity":19,"b:34:21:34:37:34:37:34:75":3,"s:37:8:37:Infinity":20,"s:38:8:38:Infinity":21,"s:39:8:39:Infinity":22,"s:43:4:43:Infinity":23,"s:46:2:98:Infinity":24,"b:50:9:50:Infinity:51:10:55:Infinity":4,"b:58:9:58:Infinity:59:10:76:Infinity":5,"f:71:23:71:29":4,"s:71:29:71:Infinity":25,"b:79:9:79:Infinity:80:10:94:Infinity":6,"f:89:23:89:29":5,"s:89:29:89:Infinity":26}}}
,"E:\\Intern_W2\\frontend-react\\src\\pages\\general\\PageNotFound.tsx": {"path":"E:\\Intern_W2\\frontend-react\\src\\pages\\general\\PageNotFound.tsx","statementMap":{"0":{"start":{"line":1,"column":21},"end":{"line":15,"column":null}},"1":{"start":{"line":2,"column":4},"end":{"line":13,"column":null}}},"fnMap":{"0":{"name":"(anonymous_0)","decl":{"start":{"line":1,"column":21},"end":{"line":1,"column":27}},"loc":{"start":{"line":1,"column":27},"end":{"line":15,"column":null}},"line":1}},"branchMap":{},"s":{"0":0,"1":0},"f":{"0":0},"b":{},"meta":{"lastBranch":0,"lastFunction":1,"lastStatement":2,"seen":{"s:1:21:15:Infinity":0,"f:1:21:1:27":0,"s:2:4:13:Infinity":1}}}
,"E:\\Intern_W2\\frontend-react\\src\\pages\\general\\Unauthorized.tsx": {"path":"E:\\Intern_W2\\frontend-react\\src\\pages\\general\\Unauthorized.tsx","statementMap":{"0":{"start":{"line":4,"column":31},"end":{"line":27,"column":null}},"1":{"start":{"line":5,"column":2},"end":{"line":25,"column":null}}},"fnMap":{"0":{"name":"(anonymous_0)","decl":{"start":{"line":4,"column":31},"end":{"line":4,"column":37}},"loc":{"start":{"line":4,"column":37},"end":{"line":27,"column":null}},"line":4}},"branchMap":{},"s":{"0":0,"1":0},"f":{"0":0},"b":{},"meta":{"lastBranch":0,"lastFunction":1,"lastStatement":2,"seen":{"s:4:31:27:Infinity":0,"f:4:31:4:37":0,"s:5:2:25:Infinity":1}}}
,"E:\\Intern_W2\\frontend-react\\src\\pages\\layout\\Header.tsx": {"path":"E:\\Intern_W2\\frontend-react\\src\\pages\\layout\\Header.tsx","statementMap":{"0":{"start":{"line":4,"column":25},"end":{"line":31,"column":null}},"1":{"start":{"line":5,"column":2},"end":{"line":29,"column":null}}},"fnMap":{"0":{"name":"(anonymous_0)","decl":{"start":{"line":4,"column":25},"end":{"line":4,"column":31}},"loc":{"start":{"line":4,"column":31},"end":{"line":31,"column":null}},"line":4}},"branchMap":{},"s":{"0":0,"1":0},"f":{"0":0},"b":{},"meta":{"lastBranch":0,"lastFunction":1,"lastStatement":2,"seen":{"s:4:25:31:Infinity":0,"f:4:25:4:31":0,"s:5:2:29:Infinity":1}}}
,"E:\\Intern_W2\\frontend-react\\src\\redux\\slice\\authSlice.tsx": {"path":"E:\\Intern_W2\\frontend-react\\src\\redux\\slice\\authSlice.tsx","statementMap":{"0":{"start":{"line":20,"column":24},"end":{"line":30,"column":null}},"1":{"start":{"line":21,"column":2},"end":{"line":29,"column":null}},"2":{"start":{"line":22,"column":18},"end":{"line":22,"column":null}},"3":{"start":{"line":23,"column":23},"end":{"line":23,"column":null}},"4":{"start":{"line":24,"column":19},"end":{"line":24,"column":null}},"5":{"start":{"line":25,"column":4},"end":{"line":25,"column":null}},"6":{"start":{"line":27,"column":4},"end":{"line":27,"column":null}},"7":{"start":{"line":28,"column":4},"end":{"line":28,"column":null}},"8":{"start":{"line":32,"column":32},"end":{"line":37,"column":null}},"9":{"start":{"line":39,"column":6},"end":{"line":123,"column":null}},"10":{"start":{"line":45,"column":32},"end":{"line":45,"column":null}},"11":{"start":{"line":47,"column":6},"end":{"line":47,"column":null}},"12":{"start":{"line":48,"column":6},"end":{"line":48,"column":null}},"13":{"start":{"line":49,"column":6},"end":{"line":49,"column":null}},"14":{"start":{"line":51,"column":6},"end":{"line":53,"column":null}},"15":{"start":{"line":52,"column":8},"end":{"line":52,"column":null}},"16":{"start":{"line":55,"column":6},"end":{"line":55,"column":null}},"17":{"start":{"line":56,"column":6},"end":{"line":56,"column":null}},"18":{"start":{"line":56,"column":18},"end":{"line":56,"column":null}},"19":{"start":{"line":61,"column":6},"end":{"line":61,"column":null}},"20":{"start":{"line":62,"column":6},"end":{"line":62,"column":null}},"21":{"start":{"line":63,"column":6},"end":{"line":63,"column":null}},"22":{"start":{"line":68,"column":6},"end":{"line":68,"column":null}},"23":{"start":{"line":69,"column":6},"end":{"line":69,"column":null}},"24":{"start":{"line":74,"column":6},"end":{"line":74,"column":null}},"25":{"start":{"line":79,"column":6},"end":{"line":79,"column":null}},"26":{"start":{"line":80,"column":6},"end":{"line":82,"column":null}},"27":{"start":{"line":81,"column":8},"end":{"line":81,"column":null}},"28":{"start":{"line":86,"column":6},"end":{"line":86,"column":null}},"29":{"start":{"line":91,"column":6},"end":{"line":91,"column":null}},"30":{"start":{"line":92,"column":6},"end":{"line":92,"column":null}},"31":{"start":{"line":93,"column":6},"end":{"line":93,"column":null}},"32":{"start":{"line":94,"column":6},"end":{"line":94,"column":null}},"33":{"start":{"line":96,"column":6},"end":{"line":96,"column":null}},"34":{"start":{"line":97,"column":6},"end":{"line":97,"column":null}},"35":{"start":{"line":102,"column":6},"end":{"line":102,"column":null}},"36":{"start":{"line":106,"column":6},"end":{"line":106,"column":null}},"37":{"start":{"line":107,"column":6},"end":{"line":107,"column":null}},"38":{"start":{"line":108,"column":6},"end":{"line":110,"column":null}},"39":{"start":{"line":109,"column":8},"end":{"line":109,"column":null}},"40":{"start":{"line":115,"column":6},"end":{"line":115,"column":null}},"41":{"start":{"line":116,"column":6},"end":{"line":116,"column":null}},"42":{"start":{"line":117,"column":6},"end":{"line":117,"column":null}},"43":{"start":{"line":118,"column":6},"end":{"line":118,"column":null}},"44":{"start":{"line":119,"column":6},"end":{"line":119,"column":null}},"45":{"start":{"line":120,"column":6},"end":{"line":120,"column":null}},"46":{"start":{"line":136,"column":4},"end":{"line":136,"column":null}}},"fnMap":{"0":{"name":"(anonymous_0)","decl":{"start":{"line":20,"column":24},"end":{"line":20,"column":85}},"loc":{"start":{"line":20,"column":85},"end":{"line":30,"column":null}},"line":20},"1":{"name":"(anonymous_1)","decl":{"start":{"line":44,"column":18},"end":{"line":44,"column":19}},"loc":{"start":{"line":44,"column":129},"end":{"line":57,"column":null}},"line":44},"2":{"name":"(anonymous_2)","decl":{"start":{"line":60,"column":15},"end":{"line":60,"column":16}},"loc":{"start":{"line":60,"column":57},"end":{"line":64,"column":null}},"line":60},"3":{"name":"(anonymous_3)","decl":{"start":{"line":67,"column":21},"end":{"line":67,"column":22}},"loc":{"start":{"line":67,"column":69},"end":{"line":70,"column":null}},"line":67},"4":{"name":"(anonymous_4)","decl":{"start":{"line":73,"column":18},"end":{"line":73,"column":19}},"loc":{"start":{"line":73,"column":60},"end":{"line":75,"column":null}},"line":73},"5":{"name":"(anonymous_5)","decl":{"start":{"line":78,"column":19},"end":{"line":78,"column":20}},"loc":{"start":{"line":78,"column":30},"end":{"line":83,"column":null}},"line":78},"6":{"name":"(anonymous_6)","decl":{"start":{"line":85,"column":16},"end":{"line":85,"column":17}},"loc":{"start":{"line":85,"column":58},"end":{"line":87,"column":null}},"line":85},"7":{"name":"(anonymous_7)","decl":{"start":{"line":90,"column":12},"end":{"line":90,"column":13}},"loc":{"start":{"line":90,"column":23},"end":{"line":98,"column":null}},"line":90},"8":{"name":"(anonymous_8)","decl":{"start":{"line":101,"column":16},"end":{"line":101,"column":17}},"loc":{"start":{"line":101,"column":27},"end":{"line":103,"column":null}},"line":101},"9":{"name":"(anonymous_9)","decl":{"start":{"line":105,"column":15},"end":{"line":105,"column":16}},"loc":{"start":{"line":105,"column":63},"end":{"line":111,"column":null}},"line":105},"10":{"name":"(anonymous_10)","decl":{"start":{"line":114,"column":11},"end":{"line":114,"column":12}},"loc":{"start":{"line":114,"column":22},"end":{"line":121,"column":null}},"line":114}},"branchMap":{"0":{"loc":{"start":{"line":24,"column":19},"end":{"line":24,"column":null}},"type":"cond-expr","locations":[{"start":{"line":24,"column":32},"end":{"line":24,"column":57}},{"start":{"line":24,"column":57},"end":{"line":24,"column":null}}],"line":24},"1":{"loc":{"start":{"line":51,"column":6},"end":{"line":53,"column":null}},"type":"if","locations":[{"start":{"line":51,"column":6},"end":{"line":53,"column":null}},{"start":{},"end":{}}],"line":51},"2":{"loc":{"start":{"line":56,"column":6},"end":{"line":56,"column":null}},"type":"if","locations":[{"start":{"line":56,"column":6},"end":{"line":56,"column":null}},{"start":{},"end":{}}],"line":56},"3":{"loc":{"start":{"line":80,"column":6},"end":{"line":82,"column":null}},"type":"if","locations":[{"start":{"line":80,"column":6},"end":{"line":82,"column":null}},{"start":{},"end":{}}],"line":80},"4":{"loc":{"start":{"line":108,"column":6},"end":{"line":110,"column":null}},"type":"if","locations":[{"start":{"line":108,"column":6},"end":{"line":110,"column":null}},{"start":{},"end":{}}],"line":108}},"s":{"0":1,"1":3,"2":3,"3":3,"4":3,"5":3,"6":0,"7":0,"8":1,"9":1,"10":2,"11":2,"12":2,"13":2,"14":2,"15":1,"16":2,"17":2,"18":1,"19":1,"20":1,"21":1,"22":1,"23":1,"24":1,"25":2,"26":2,"27":1,"28":1,"29":1,"30":1,"31":1,"32":1,"33":1,"34":1,"35":1,"36":2,"37":2,"38":2,"39":1,"40":1,"41":1,"42":1,"43":1,"44":1,"45":1,"46":1},"f":{"0":3,"1":2,"2":1,"3":1,"4":1,"5":2,"6":1,"7":1,"8":1,"9":2,"10":1},"b":{"0":[0,3],"1":[1,1],"2":[1,1],"3":[1,1],"4":[1,1]},"meta":{"lastBranch":5,"lastFunction":11,"lastStatement":47,"seen":{"s:20:24:30:Infinity":0,"f:20:24:20:85":0,"s:21:2:29:Infinity":1,"s:22:18:22:Infinity":2,"s:23:23:23:Infinity":3,"s:24:19:24:Infinity":4,"b:24:32:24:57:24:57:24:Infinity":0,"s:25:4:25:Infinity":5,"s:27:4:27:Infinity":6,"s:28:4:28:Infinity":7,"s:32:32:37:Infinity":8,"s:39:6:123:Infinity":9,"f:44:18:44:19":1,"s:45:32:45:Infinity":10,"s:47:6:47:Infinity":11,"s:48:6:48:Infinity":12,"s:49:6:49:Infinity":13,"b:51:6:53:Infinity:undefined:undefined:undefined:undefined":1,"s:51:6:53:Infinity":14,"s:52:8:52:Infinity":15,"s:55:6:55:Infinity":16,"b:56:6:56:Infinity:undefined:undefined:undefined:undefined":2,"s:56:6:56:Infinity":17,"s:56:18:56:Infinity":18,"f:60:15:60:16":2,"s:61:6:61:Infinity":19,"s:62:6:62:Infinity":20,"s:63:6:63:Infinity":21,"f:67:21:67:22":3,"s:68:6:68:Infinity":22,"s:69:6:69:Infinity":23,"f:73:18:73:19":4,"s:74:6:74:Infinity":24,"f:78:19:78:20":5,"s:79:6:79:Infinity":25,"b:80:6:82:Infinity:undefined:undefined:undefined:undefined":3,"s:80:6:82:Infinity":26,"s:81:8:81:Infinity":27,"f:85:16:85:17":6,"s:86:6:86:Infinity":28,"f:90:12:90:13":7,"s:91:6:91:Infinity":29,"s:92:6:92:Infinity":30,"s:93:6:93:Infinity":31,"s:94:6:94:Infinity":32,"s:96:6:96:Infinity":33,"s:97:6:97:Infinity":34,"f:101:16:101:17":8,"s:102:6:102:Infinity":35,"f:105:15:105:16":9,"s:106:6:106:Infinity":36,"s:107:6:107:Infinity":37,"b:108:6:110:Infinity:undefined:undefined:undefined:undefined":4,"s:108:6:110:Infinity":38,"s:109:8:109:Infinity":39,"f:114:11:114:12":10,"s:115:6:115:Infinity":40,"s:116:6:116:Infinity":41,"s:117:6:117:Infinity":42,"s:118:6:118:Infinity":43,"s:119:6:119:Infinity":44,"s:120:6:120:Infinity":45,"s:136:4:136:Infinity":46}}}
,"E:\\Intern_W2\\frontend-react\\src\\redux\\slice\\memberSlice.tsx": {"path":"E:\\Intern_W2\\frontend-react\\src\\redux\\slice\\memberSlice.tsx","statementMap":{"0":{"start":{"line":14,"column":39},"end":{"line":18,"column":null}},"1":{"start":{"line":20,"column":6},"end":{"line":40,"column":null}},"2":{"start":{"line":25,"column":12},"end":{"line":25,"column":null}},"3":{"start":{"line":28,"column":12},"end":{"line":28,"column":null}},"4":{"start":{"line":29,"column":12},"end":{"line":29,"column":null}},"5":{"start":{"line":30,"column":12},"end":{"line":30,"column":null}},"6":{"start":{"line":33,"column":12},"end":{"line":33,"column":null}},"7":{"start":{"line":34,"column":12},"end":{"line":34,"column":null}},"8":{"start":{"line":37,"column":12},"end":{"line":37,"column":null}},"9":{"start":{"line":42,"column":64},"end":{"line":42,"column":null}}},"fnMap":{"0":{"name":"(anonymous_0)","decl":{"start":{"line":24,"column":20},"end":{"line":24,"column":21}},"loc":{"start":{"line":24,"column":63},"end":{"line":26,"column":null}},"line":24},"1":{"name":"(anonymous_1)","decl":{"start":{"line":27,"column":20},"end":{"line":27,"column":21}},"loc":{"start":{"line":27,"column":76},"end":{"line":31,"column":null}},"line":27},"2":{"name":"(anonymous_2)","decl":{"start":{"line":32,"column":18},"end":{"line":32,"column":19}},"loc":{"start":{"line":32,"column":60},"end":{"line":35,"column":null}},"line":32},"3":{"name":"(anonymous_3)","decl":{"start":{"line":36,"column":20},"end":{"line":36,"column":21}},"loc":{"start":{"line":36,"column":31},"end":{"line":38,"column":null}},"line":36}},"branchMap":{},"s":{"0":0,"1":0,"2":0,"3":0,"4":0,"5":0,"6":0,"7":0,"8":0,"9":0},"f":{"0":0,"1":0,"2":0,"3":0},"b":{},"meta":{"lastBranch":0,"lastFunction":4,"lastStatement":10,"seen":{"s:14:39:18:Infinity":0,"s:20:6:40:Infinity":1,"f:24:20:24:21":0,"s:25:12:25:Infinity":2,"f:27:20:27:21":1,"s:28:12:28:Infinity":3,"s:29:12:29:Infinity":4,"s:30:12:30:Infinity":5,"f:32:18:32:19":2,"s:33:12:33:Infinity":6,"s:34:12:34:Infinity":7,"f:36:20:36:21":3,"s:37:12:37:Infinity":8,"s:42:64:42:Infinity":9}}}
,"E:\\Intern_W2\\frontend-react\\src\\redux\\slice\\projectSlice.tsx": {"path":"E:\\Intern_W2\\frontend-react\\src\\redux\\slice\\projectSlice.tsx","statementMap":{"0":{"start":{"line":30,"column":36},"end":{"line":35,"column":null}},"1":{"start":{"line":37,"column":6},"end":{"line":86,"column":null}},"2":{"start":{"line":42,"column":12},"end":{"line":42,"column":null}},"3":{"start":{"line":45,"column":12},"end":{"line":45,"column":null}},"4":{"start":{"line":46,"column":12},"end":{"line":46,"column":null}},"5":{"start":{"line":47,"column":12},"end":{"line":47,"column":null}},"6":{"start":{"line":50,"column":12},"end":{"line":50,"column":null}},"7":{"start":{"line":51,"column":12},"end":{"line":51,"column":null}},"8":{"start":{"line":52,"column":12},"end":{"line":52,"column":null}},"9":{"start":{"line":55,"column":12},"end":{"line":55,"column":null}},"10":{"start":{"line":56,"column":12},"end":{"line":56,"column":null}},"11":{"start":{"line":57,"column":12},"end":{"line":57,"column":null}},"12":{"start":{"line":60,"column":26},"end":{"line":60,"column":null}},"13":{"start":{"line":60,"column":62},"end":{"line":60,"column":108}},"14":{"start":{"line":61,"column":12},"end":{"line":63,"column":null}},"15":{"start":{"line":62,"column":16},"end":{"line":62,"column":null}},"16":{"start":{"line":64,"column":12},"end":{"line":64,"column":null}},"17":{"start":{"line":65,"column":12},"end":{"line":65,"column":null}},"18":{"start":{"line":68,"column":12},"end":{"line":68,"column":null}},"19":{"start":{"line":68,"column":62},"end":{"line":68,"column":98}},"20":{"start":{"line":69,"column":12},"end":{"line":69,"column":null}},"21":{"start":{"line":70,"column":12},"end":{"line":70,"column":null}},"22":{"start":{"line":73,"column":12},"end":{"line":73,"column":null}},"23":{"start":{"line":74,"column":12},"end":{"line":74,"column":null}},"24":{"start":{"line":77,"column":12},"end":{"line":77,"column":null}},"25":{"start":{"line":80,"column":12},"end":{"line":80,"column":null}},"26":{"start":{"line":83,"column":12},"end":{"line":83,"column":null}},"27":{"start":{"line":99,"column":4},"end":{"line":99,"column":null}}},"fnMap":{"0":{"name":"(anonymous_0)","decl":{"start":{"line":41,"column":20},"end":{"line":41,"column":21}},"loc":{"start":{"line":41,"column":63},"end":{"line":43,"column":null}},"line":41},"1":{"name":"(anonymous_1)","decl":{"start":{"line":44,"column":21},"end":{"line":44,"column":22}},"loc":{"start":{"line":44,"column":66},"end":{"line":48,"column":null}},"line":44},"2":{"name":"(anonymous_2)","decl":{"start":{"line":49,"column":28},"end":{"line":49,"column":29}},"loc":{"start":{"line":49,"column":71},"end":{"line":53,"column":null}},"line":49},"3":{"name":"(anonymous_3)","decl":{"start":{"line":54,"column":20},"end":{"line":54,"column":21}},"loc":{"start":{"line":54,"column":63},"end":{"line":58,"column":null}},"line":54},"4":{"name":"(anonymous_4)","decl":{"start":{"line":59,"column":23},"end":{"line":59,"column":24}},"loc":{"start":{"line":59,"column":66},"end":{"line":66,"column":null}},"line":59},"5":{"name":"(anonymous_5)","decl":{"start":{"line":60,"column":51},"end":{"line":60,"column":62}},"loc":{"start":{"line":60,"column":62},"end":{"line":60,"column":108}},"line":60},"6":{"name":"(anonymous_6)","decl":{"start":{"line":67,"column":23},"end":{"line":67,"column":24}},"loc":{"start":{"line":67,"column":65},"end":{"line":71,"column":null}},"line":67},"7":{"name":"(anonymous_7)","decl":{"start":{"line":68,"column":51},"end":{"line":68,"column":62}},"loc":{"start":{"line":68,"column":62},"end":{"line":68,"column":98}},"line":68},"8":{"name":"(anonymous_8)","decl":{"start":{"line":72,"column":18},"end":{"line":72,"column":19}},"loc":{"start":{"line":72,"column":60},"end":{"line":75,"column":null}},"line":72},"9":{"name":"(anonymous_9)","decl":{"start":{"line":76,"column":20},"end":{"line":76,"column":21}},"loc":{"start":{"line":76,"column":31},"end":{"line":78,"column":null}},"line":76},"10":{"name":"(anonymous_10)","decl":{"start":{"line":79,"column":30},"end":{"line":79,"column":31}},"loc":{"start":{"line":79,"column":41},"end":{"line":81,"column":null}},"line":79},"11":{"name":"(anonymous_11)","decl":{"start":{"line":82,"column":15},"end":{"line":82,"column":16}},"loc":{"start":{"line":82,"column":26},"end":{"line":84,"column":null}},"line":82}},"branchMap":{"0":{"loc":{"start":{"line":61,"column":12},"end":{"line":63,"column":null}},"type":"if","locations":[{"start":{"line":61,"column":12},"end":{"line":63,"column":null}},{"start":{},"end":{}}],"line":61}},"s":{"0":2,"1":2,"2":2,"3":3,"4":3,"5":3,"6":3,"7":3,"8":3,"9":6,"10":6,"11":6,"12":5,"13":6,"14":5,"15":4,"16":5,"17":5,"18":6,"19":9,"20":6,"21":6,"22":3,"23":3,"24":3,"25":2,"26":3,"27":2},"f":{"0":2,"1":3,"2":3,"3":6,"4":5,"5":6,"6":6,"7":9,"8":3,"9":3,"10":2,"11":3},"b":{"0":[4,1]},"meta":{"lastBranch":1,"lastFunction":12,"lastStatement":28,"seen":{"s:30:36:35:Infinity":0,"s:37:6:86:Infinity":1,"f:41:20:41:21":0,"s:42:12:42:Infinity":2,"f:44:21:44:22":1,"s:45:12:45:Infinity":3,"s:46:12:46:Infinity":4,"s:47:12:47:Infinity":5,"f:49:28:49:29":2,"s:50:12:50:Infinity":6,"s:51:12:51:Infinity":7,"s:52:12:52:Infinity":8,"f:54:20:54:21":3,"s:55:12:55:Infinity":9,"s:56:12:56:Infinity":10,"s:57:12:57:Infinity":11,"f:59:23:59:24":4,"s:60:26:60:Infinity":12,"f:60:51:60:62":5,"s:60:62:60:108":13,"b:61:12:63:Infinity:undefined:undefined:undefined:undefined":0,"s:61:12:63:Infinity":14,"s:62:16:62:Infinity":15,"s:64:12:64:Infinity":16,"s:65:12:65:Infinity":17,"f:67:23:67:24":6,"s:68:12:68:Infinity":18,"f:68:51:68:62":7,"s:68:62:68:98":19,"s:69:12:69:Infinity":20,"s:70:12:70:Infinity":21,"f:72:18:72:19":8,"s:73:12:73:Infinity":22,"s:74:12:74:Infinity":23,"f:76:20:76:21":9,"s:77:12:77:Infinity":24,"f:79:30:79:31":10,"s:80:12:80:Infinity":25,"f:82:15:82:16":11,"s:83:12:83:Infinity":26,"s:99:4:99:Infinity":27}}}
,"E:\\Intern_W2\\frontend-react\\src\\redux\\slice\\projectStatusSlice.tsx": {"path":"E:\\Intern_W2\\frontend-react\\src\\redux\\slice\\projectStatusSlice.tsx","statementMap":{"0":{"start":{"line":19,"column":42},"end":{"line":24,"column":null}},"1":{"start":{"line":26,"column":6},"end":{"line":51,"column":null}},"2":{"start":{"line":31,"column":12},"end":{"line":31,"column":null}},"3":{"start":{"line":34,"column":12},"end":{"line":34,"column":null}},"4":{"start":{"line":35,"column":12},"end":{"line":35,"column":null}},"5":{"start":{"line":36,"column":12},"end":{"line":36,"column":null}},"6":{"start":{"line":39,"column":12},"end":{"line":39,"column":null}},"7":{"start":{"line":40,"column":12},"end":{"line":40,"column":null}},"8":{"start":{"line":41,"column":12},"end":{"line":41,"column":null}},"9":{"start":{"line":44,"column":12},"end":{"line":44,"column":null}},"10":{"start":{"line":45,"column":12},"end":{"line":45,"column":null}},"11":{"start":{"line":48,"column":12},"end":{"line":48,"column":null}},"12":{"start":{"line":52,"column":98},"end":{"line":52,"column":null}}},"fnMap":{"0":{"name":"(anonymous_0)","decl":{"start":{"line":30,"column":20},"end":{"line":30,"column":21}},"loc":{"start":{"line":30,"column":63},"end":{"line":32,"column":null}},"line":30},"1":{"name":"(anonymous_1)","decl":{"start":{"line":33,"column":28},"end":{"line":33,"column":29}},"loc":{"start":{"line":33,"column":87},"end":{"line":37,"column":null}},"line":33},"2":{"name":"(anonymous_2)","decl":{"start":{"line":38,"column":34},"end":{"line":38,"column":35}},"loc":{"start":{"line":38,"column":91},"end":{"line":42,"column":null}},"line":38},"3":{"name":"(anonymous_3)","decl":{"start":{"line":43,"column":18},"end":{"line":43,"column":19}},"loc":{"start":{"line":43,"column":60},"end":{"line":46,"column":null}},"line":43},"4":{"name":"(anonymous_4)","decl":{"start":{"line":47,"column":20},"end":{"line":47,"column":21}},"loc":{"start":{"line":47,"column":31},"end":{"line":49,"column":null}},"line":47}},"branchMap":{},"s":{"0":0,"1":0,"2":0,"3":0,"4":0,"5":0,"6":0,"7":0,"8":0,"9":0,"10":0,"11":0,"12":0},"f":{"0":0,"1":0,"2":0,"3":0,"4":0},"b":{},"meta":{"lastBranch":0,"lastFunction":5,"lastStatement":13,"seen":{"s:19:42:24:Infinity":0,"s:26:6:51:Infinity":1,"f:30:20:30:21":0,"s:31:12:31:Infinity":2,"f:33:28:33:29":1,"s:34:12:34:Infinity":3,"s:35:12:35:Infinity":4,"s:36:12:36:Infinity":5,"f:38:34:38:35":2,"s:39:12:39:Infinity":6,"s:40:12:40:Infinity":7,"s:41:12:41:Infinity":8,"f:43:18:43:19":3,"s:44:12:44:Infinity":9,"s:45:12:45:Infinity":10,"f:47:20:47:21":4,"s:48:12:48:Infinity":11,"s:52:98:52:Infinity":12}}}
,"E:\\Intern_W2\\frontend-react\\src\\routes\\PrivateRoute.tsx": {"path":"E:\\Intern_W2\\frontend-react\\src\\routes\\PrivateRoute.tsx","statementMap":{"0":{"start":{"line":10,"column":50},"end":{"line":23,"column":null}},"1":{"start":{"line":11,"column":8},"end":{"line":11,"column":null}},"2":{"start":{"line":13,"column":33},"end":{"line":13,"column":null}},"3":{"start":{"line":13,"column":71},"end":{"line":13,"column":81}},"4":{"start":{"line":15,"column":2},"end":{"line":20,"column":null}},"5":{"start":{"line":16,"column":4},"end":{"line":18,"column":null}},"6":{"start":{"line":19,"column":4},"end":{"line":19,"column":null}},"7":{"start":{"line":22,"column":2},"end":{"line":22,"column":null}}},"fnMap":{"0":{"name":"(anonymous_0)","decl":{"start":{"line":10,"column":50},"end":{"line":10,"column":51}},"loc":{"start":{"line":10,"column":68},"end":{"line":23,"column":null}},"line":10},"1":{"name":"(anonymous_1)","decl":{"start":{"line":13,"column":49},"end":{"line":13,"column":50}},"loc":{"start":{"line":13,"column":71},"end":{"line":13,"column":81}},"line":13}},"branchMap":{"0":{"loc":{"start":{"line":15,"column":2},"end":{"line":20,"column":null}},"type":"if","locations":[{"start":{"line":15,"column":2},"end":{"line":20,"column":null}},{"start":{},"end":{}}],"line":15},"1":{"loc":{"start":{"line":15,"column":6},"end":{"line":15,"column":34}},"type":"binary-expr","locations":[{"start":{"line":15,"column":6},"end":{"line":15,"column":26}},{"start":{"line":15,"column":26},"end":{"line":15,"column":34}}],"line":15}},"s":{"0":0,"1":0,"2":0,"3":0,"4":0,"5":0,"6":0,"7":0},"f":{"0":0,"1":0},"b":{"0":[0,0],"1":[0,0]},"meta":{"lastBranch":2,"lastFunction":2,"lastStatement":8,"seen":{"s:10:50:23:Infinity":0,"f:10:50:10:51":0,"s:11:8:11:Infinity":1,"s:13:33:13:Infinity":2,"f:13:49:13:50":1,"s:13:71:13:81":3,"b:15:2:20:Infinity:undefined:undefined:undefined:undefined":0,"s:15:2:20:Infinity":4,"b:15:6:15:26:15:26:15:34":1,"s:16:4:18:Infinity":5,"s:19:4:19:Infinity":6,"s:22:2:22:Infinity":7}}}
,"E:\\Intern_W2\\frontend-react\\src\\store\\Store.tsx": {"path":"E:\\Intern_W2\\frontend-react\\src\\store\\Store.tsx","statementMap":{"0":{"start":{"line":7,"column":16},"end":{"line":12,"column":null}},"1":{"start":{"line":15,"column":2},"end":{"line":34,"column":null}},"2":{"start":{"line":20,"column":10},"end":{"line":24,"column":null}},"3":{"start":{"line":29,"column":10},"end":{"line":33,"column":null}}},"fnMap":{"0":{"name":"(anonymous_0)","decl":{"start":{"line":19,"column":20},"end":{"line":19,"column":21}},"loc":{"start":{"line":20,"column":10},"end":{"line":24,"column":null}},"line":20},"1":{"name":"(anonymous_1)","decl":{"start":{"line":28,"column":20},"end":{"line":28,"column":21}},"loc":{"start":{"line":29,"column":10},"end":{"line":33,"column":null}},"line":29}},"branchMap":{"0":{"loc":{"start":{"line":15,"column":2},"end":{"line":34,"column":null}},"type":"cond-expr","locations":[{"start":{"line":15,"column":27},"end":{"line":25,"column":null}},{"start":{"line":25,"column":7},"end":{"line":34,"column":null}}],"line":15}},"s":{"0":0,"1":0,"2":0,"3":0},"f":{"0":0,"1":0},"b":{"0":[0,0]},"meta":{"lastBranch":1,"lastFunction":2,"lastStatement":4,"seen":{"s:7:16:12:Infinity":0,"s:15:2:34:Infinity":1,"b:15:27:25:Infinity:25:7:34:Infinity":0,"f:19:20:19:21":0,"s:20:10:24:Infinity":2,"f:28:20:28:21":1,"s:29:10:33:Infinity":3}}}
}
