TN:
SF:src\App.tsx
FN:15,(anonymous_0)
FN:21,(anonymous_1)
FN:31,(anonymous_2)
FN:42,(anonymous_3)
FN:65,App
FNF:5
FNH:0
FNDA:0,(anonymous_0)
FNDA:0,(anonymous_1)
FNDA:0,(anonymous_2)
FNDA:0,(anonymous_3)
FNDA:0,App
DA:15,0
DA:16,0
DA:21,0
DA:22,0
DA:31,0
DA:32,0
DA:42,0
DA:43,0
DA:66,0
LF:9
LH:0
BRF:0
BRH:0
end_of_record
TN:
SF:src\main.tsx
FNF:0
FNH:0
DA:10,0
LF:1
LH:0
BRF:0
BRH:0
end_of_record
TN:
SF:src\component\project\HeaderProject.tsx
FN:7,(anonymous_0)
FN:14,(anonymous_1)
FN:26,(anonymous_2)
FN:43,(anonymous_3)
FN:63,(anonymous_4)
FN:81,(anonymous_5)
FN:101,(anonymous_6)
FN:121,(anonymous_7)
FN:158,(anonymous_8)
FN:167,(anonymous_9)
FNF:10
FNH:0
FNDA:0,(anonymous_0)
FNDA:0,(anonymous_1)
FNDA:0,(anonymous_2)
FNDA:0,(anonymous_3)
FNDA:0,(anonymous_4)
FNDA:0,(anonymous_5)
FNDA:0,(anonymous_6)
FNDA:0,(anonymous_7)
FNDA:0,(anonymous_8)
FNDA:0,(anonymous_9)
DA:7,0
DA:8,0
DA:9,0
DA:10,0
DA:11,0
DA:12,0
DA:14,0
DA:15,0
DA:16,0
DA:17,0
DA:18,0
DA:20,0
DA:21,0
DA:22,0
DA:26,0
DA:27,0
DA:28,0
DA:31,0
DA:43,0
DA:63,0
DA:81,0
DA:101,0
DA:121,0
DA:158,0
DA:167,0
LF:25
LH:0
BRDA:15,0,0,0
BRDA:15,0,1,0
BRDA:45,1,0,0
BRDA:45,1,1,0
BRDA:65,2,0,0
BRDA:65,2,1,0
BRDA:83,3,0,0
BRDA:83,3,1,0
BRDA:103,4,0,0
BRDA:103,4,1,0
BRDA:123,5,0,0
BRDA:123,5,1,0
BRDA:151,6,0,0
BRDA:151,6,1,0
BRDA:164,7,0,0
BRDA:164,7,1,0
BRF:16
BRH:0
end_of_record
TN:
SF:src\pages\Home.tsx
FN:10,(anonymous_0)
FN:11,(anonymous_1)
FN:12,(anonymous_2)
FN:13,(anonymous_3)
FN:14,(anonymous_4)
FN:36,(anonymous_5)
FN:40,(anonymous_6)
FN:53,(anonymous_7)
FN:55,(anonymous_8)
FN:60,(anonymous_9)
FN:62,(anonymous_10)
FN:68,(anonymous_11)
FN:97,(anonymous_12)
FN:118,(anonymous_13)
FN:139,(anonymous_14)
FN:161,(anonymous_15)
FN:169,(anonymous_16)
FN:231,(anonymous_17)
FN:231,(anonymous_18)
FN:250,(anonymous_19)
FN:258,(anonymous_20)
FN:301,(anonymous_21)
FN:328,(anonymous_22)
FN:336,(anonymous_23)
FN:381,(anonymous_24)
FN:423,(anonymous_25)
FN:436,(anonymous_26)
FN:455,(anonymous_27)
FN:463,(anonymous_28)
FN:509,(anonymous_29)
FN:550,(anonymous_30)
FN:563,(anonymous_31)
FNF:32
FNH:30
FNDA:159,(anonymous_0)
FNDA:182,(anonymous_1)
FNDA:182,(anonymous_2)
FNDA:182,(anonymous_3)
FNDA:182,(anonymous_4)
FNDA:24,(anonymous_5)
FNDA:24,(anonymous_6)
FNDA:60,(anonymous_7)
FNDA:60,(anonymous_8)
FNDA:46,(anonymous_9)
FNDA:46,(anonymous_10)
FNDA:2,(anonymous_11)
FNDA:8,(anonymous_12)
FNDA:2,(anonymous_13)
FNDA:4,(anonymous_14)
FNDA:7,(anonymous_15)
FNDA:1,(anonymous_16)
FNDA:314,(anonymous_17)
FNDA:157,(anonymous_18)
FNDA:8,(anonymous_19)
FNDA:4,(anonymous_20)
FNDA:471,(anonymous_21)
FNDA:1,(anonymous_22)
FNDA:0,(anonymous_23)
FNDA:201,(anonymous_24)
FNDA:201,(anonymous_25)
FNDA:1,(anonymous_26)
FNDA:0,(anonymous_27)
FNDA:1,(anonymous_28)
FNDA:186,(anonymous_29)
FNDA:186,(anonymous_30)
FNDA:1,(anonymous_31)
DA:10,1
DA:11,182
DA:12,182
DA:13,182
DA:14,182
DA:15,159
DA:16,159
DA:17,159
DA:18,159
DA:19,159
DA:28,159
DA:36,159
DA:37,24
DA:38,24
DA:40,24
DA:41,24
DA:43,24
DA:44,1
DA:46,23
DA:50,24
DA:53,159
DA:54,60
DA:55,60
DA:60,159
DA:61,46
DA:62,46
DA:68,159
DA:69,2
DA:70,2
DA:78,2
DA:80,1
DA:81,1
DA:82,1
DA:83,1
DA:93,1
DA:97,159
DA:98,8
DA:99,8
DA:101,8
DA:102,8
DA:103,8
DA:118,159
DA:119,2
DA:120,2
DA:121,2
DA:129,2
DA:130,1
DA:131,1
DA:132,1
DA:135,1
DA:139,159
DA:140,4
DA:141,4
DA:142,3
DA:143,3
DA:144,2
DA:145,1
DA:147,1
DA:150,1
DA:151,1
DA:155,159
DA:161,7
DA:169,1
DA:231,314
DA:232,157
DA:250,8
DA:258,4
DA:301,471
DA:328,1
DA:336,0
DA:382,201
DA:424,201
DA:436,1
DA:455,0
DA:463,1
DA:510,186
DA:551,186
DA:563,1
LF:78
LH:76
BRDA:41,0,0,0
BRDA:41,0,1,24
BRDA:43,1,0,1
BRDA:43,1,1,23
BRDA:80,2,0,1
BRDA:80,2,1,0
BRDA:102,3,0,8
BRDA:102,3,1,0
BRDA:102,4,0,8
BRDA:102,4,1,8
BRDA:104,5,0,8
BRDA:104,5,1,0
BRDA:105,6,0,8
BRDA:105,6,1,0
BRDA:106,7,0,8
BRDA:106,7,1,0
BRDA:107,8,0,8
BRDA:107,8,1,0
BRDA:110,9,0,8
BRDA:110,9,1,0
BRDA:113,10,0,8
BRDA:113,10,1,8
BRDA:119,11,0,0
BRDA:119,11,1,2
BRDA:130,12,0,1
BRDA:130,12,1,0
BRDA:141,13,0,1
BRDA:141,13,1,3
BRDA:144,14,0,1
BRDA:144,14,1,1
BRDA:147,15,0,1
BRDA:147,15,1,0
BRDA:191,16,0,1
BRDA:191,16,1,158
BRDA:274,17,0,157
BRDA:274,17,1,0
BRDA:285,18,0,157
BRDA:285,18,1,0
BRDA:291,19,0,157
BRDA:291,19,1,0
BRDA:301,20,0,157
BRDA:301,20,1,157
BRDA:318,21,0,159
BRDA:318,21,1,2
BRDA:318,21,2,1
BRDA:325,22,0,159
BRDA:325,22,1,67
BRDA:452,23,0,159
BRDA:452,23,1,62
BRDA:452,23,2,62
BRF:50
BRH:36
end_of_record
TN:
SF:src\pages\auth\ForgotPasssword.tsx
FN:6,(anonymous_0)
FN:10,(anonymous_1)
FNF:2
FNH:0
FNDA:0,(anonymous_0)
FNDA:0,(anonymous_1)
DA:6,0
DA:7,0
DA:8,0
DA:10,0
DA:11,0
DA:12,0
DA:13,0
DA:15,0
DA:16,0
DA:17,0
DA:19,0
DA:23,0
LF:12
LH:0
BRDA:15,0,0,0
BRDA:15,0,1,0
BRDA:19,1,0,0
BRDA:19,1,1,0
BRF:4
BRH:0
end_of_record
TN:
SF:src\pages\auth\Login.tsx
FN:8,(anonymous_0)
FN:17,(anonymous_1)
FN:24,(anonymous_2)
FN:28,(anonymous_3)
FN:34,(anonymous_4)
FNF:5
FNH:5
FNDA:40,(anonymous_0)
FNDA:32,(anonymous_1)
FNDA:2,(anonymous_2)
FNDA:3,(anonymous_3)
FNDA:1,(anonymous_4)
DA:8,1
DA:9,40
DA:10,40
DA:12,40
DA:17,40
DA:18,32
DA:24,40
DA:25,2
DA:28,40
DA:29,3
DA:30,3
DA:32,2
DA:33,1
DA:34,1
DA:35,1
DA:38,1
DA:41,1
DA:45,40
LF:18
LH:18
BRDA:32,0,0,1
BRDA:32,0,1,1
BRDA:79,1,0,1
BRDA:79,1,1,39
BRDA:92,2,0,1
BRDA:92,2,1,39
BRF:6
BRH:6
end_of_record
TN:
SF:src\pages\auth\Register.tsx
FN:8,(anonymous_0)
FN:23,(anonymous_1)
FN:30,(anonymous_2)
FN:51,(anonymous_3)
FN:55,(anonymous_4)
FN:155,(anonymous_5)
FNF:6
FNH:6
FNDA:249,(anonymous_0)
FNDA:205,(anonymous_1)
FNDA:5,(anonymous_2)
FNDA:2,(anonymous_3)
FNDA:1,(anonymous_4)
FNDA:30,(anonymous_5)
DA:8,1
DA:9,249
DA:11,249
DA:18,249
DA:19,249
DA:20,249
DA:21,249
DA:23,249
DA:24,205
DA:30,249
DA:32,5
DA:33,1
DA:34,1
DA:37,4
DA:39,4
DA:41,4
DA:43,4
DA:44,2
DA:45,2
DA:47,2
DA:51,249
DA:52,2
DA:55,249
DA:56,1
DA:59,249
DA:155,30
LF:26
LH:26
BRDA:32,0,0,1
BRDA:32,0,1,4
BRDA:43,1,0,2
BRDA:43,1,1,2
BRDA:47,2,0,2
BRDA:47,2,1,1
BRDA:124,3,0,1
BRDA:124,3,1,248
BRDA:138,4,0,1
BRDA:138,4,1,248
BRDA:153,5,0,1
BRDA:153,5,1,248
BRDA:166,6,0,1
BRDA:166,6,1,248
BRDA:180,7,0,1
BRDA:180,7,1,248
BRF:16
BRH:16
end_of_record
TN:
SF:src\pages\auth\ResetPassword.tsx
FN:7,(anonymous_0)
FN:18,(anonymous_1)
FN:35,(anonymous_2)
FN:68,(anonymous_3)
FN:84,(anonymous_4)
FN:85,(anonymous_5)
FN:101,(anonymous_6)
FNF:7
FNH:0
FNDA:0,(anonymous_0)
FNDA:0,(anonymous_1)
FNDA:0,(anonymous_2)
FNDA:0,(anonymous_3)
FNDA:0,(anonymous_4)
FNDA:0,(anonymous_5)
FNDA:0,(anonymous_6)
DA:7,0
DA:8,0
DA:9,0
DA:10,0
DA:11,0
DA:12,0
DA:13,0
DA:15,0
DA:16,0
DA:18,0
DA:19,0
DA:20,0
DA:21,0
DA:24,0
DA:25,0
DA:31,0
DA:33,0
DA:34,0
DA:35,0
DA:37,0
DA:41,0
DA:69,0
DA:84,0
DA:86,0
DA:87,0
DA:89,0
DA:102,0
LF:27
LH:0
BRDA:19,0,0,0
BRDA:19,0,1,0
BRDA:19,1,0,0
BRDA:19,1,1,0
BRDA:33,2,0,0
BRDA:33,2,1,0
BRDA:37,3,0,0
BRDA:37,3,1,0
BRDA:69,4,0,0
BRDA:69,4,1,0
BRDA:86,5,0,0
BRDA:86,5,1,0
BRDA:86,6,0,0
BRDA:86,6,1,0
BRDA:102,7,0,0
BRDA:102,7,1,0
BRF:16
BRH:0
end_of_record
TN:
SF:src\pages\auth\verifyEmail.tsx
FN:5,(anonymous_0)
FN:11,(anonymous_1)
FN:20,(anonymous_2)
FN:29,(anonymous_3)
FN:71,(anonymous_4)
FN:89,(anonymous_5)
FNF:6
FNH:0
FNDA:0,(anonymous_0)
FNDA:0,(anonymous_1)
FNDA:0,(anonymous_2)
FNDA:0,(anonymous_3)
FNDA:0,(anonymous_4)
FNDA:0,(anonymous_5)
DA:5,0
DA:6,0
DA:7,0
DA:8,0
DA:9,0
DA:11,0
DA:12,0
DA:13,0
DA:15,0
DA:16,0
DA:20,0
DA:21,0
DA:22,0
DA:24,0
DA:25,0
DA:26,0
DA:29,0
DA:30,0
DA:33,0
DA:34,0
DA:37,0
DA:38,0
DA:39,0
DA:43,0
DA:46,0
DA:71,0
DA:89,0
LF:27
LH:0
BRDA:15,0,0,0
BRDA:15,0,1,0
BRDA:15,1,0,0
BRDA:15,1,1,0
BRDA:24,2,0,0
BRDA:24,2,1,0
BRDA:34,3,0,0
BRDA:34,3,1,0
BRDA:50,4,0,0
BRDA:50,4,1,0
BRDA:58,5,0,0
BRDA:58,5,1,0
BRDA:79,6,0,0
BRDA:79,6,1,0
BRF:14
BRH:0
end_of_record
TN:
SF:src\pages\general\PageNotFound.tsx
FN:1,(anonymous_0)
FNF:1
FNH:0
FNDA:0,(anonymous_0)
DA:1,0
DA:2,0
LF:2
LH:0
BRF:0
BRH:0
end_of_record
TN:
SF:src\pages\general\Unauthorized.tsx
FN:4,(anonymous_0)
FNF:1
FNH:0
FNDA:0,(anonymous_0)
DA:4,0
DA:5,0
LF:2
LH:0
BRF:0
BRH:0
end_of_record
TN:
SF:src\pages\layout\Header.tsx
FN:4,(anonymous_0)
FNF:1
FNH:0
FNDA:0,(anonymous_0)
DA:4,0
DA:5,0
LF:2
LH:0
BRF:0
BRH:0
end_of_record
TN:
SF:src\redux\slice\authSlice.tsx
FN:20,(anonymous_0)
FN:44,(anonymous_1)
FN:60,(anonymous_2)
FN:67,(anonymous_3)
FN:73,(anonymous_4)
FN:78,(anonymous_5)
FN:85,(anonymous_6)
FN:90,(anonymous_7)
FN:101,(anonymous_8)
FN:105,(anonymous_9)
FN:114,(anonymous_10)
FNF:11
FNH:11
FNDA:3,(anonymous_0)
FNDA:2,(anonymous_1)
FNDA:1,(anonymous_2)
FNDA:1,(anonymous_3)
FNDA:1,(anonymous_4)
FNDA:2,(anonymous_5)
FNDA:1,(anonymous_6)
FNDA:1,(anonymous_7)
FNDA:1,(anonymous_8)
FNDA:2,(anonymous_9)
FNDA:1,(anonymous_10)
DA:20,1
DA:21,3
DA:22,3
DA:23,3
DA:24,3
DA:25,3
DA:27,0
DA:28,0
DA:32,1
DA:39,1
DA:45,2
DA:47,2
DA:48,2
DA:49,2
DA:51,2
DA:52,1
DA:55,2
DA:56,2
DA:61,1
DA:62,1
DA:63,1
DA:68,1
DA:69,1
DA:74,1
DA:79,2
DA:80,2
DA:81,1
DA:86,1
DA:91,1
DA:92,1
DA:93,1
DA:94,1
DA:96,1
DA:97,1
DA:102,1
DA:106,2
DA:107,2
DA:108,2
DA:109,1
DA:115,1
DA:116,1
DA:117,1
DA:118,1
DA:119,1
DA:120,1
DA:136,1
LF:46
LH:44
BRDA:24,0,0,0
BRDA:24,0,1,3
BRDA:51,1,0,1
BRDA:51,1,1,1
BRDA:56,2,0,1
BRDA:56,2,1,1
BRDA:80,3,0,1
BRDA:80,3,1,1
BRDA:108,4,0,1
BRDA:108,4,1,1
BRF:10
BRH:9
end_of_record
TN:
SF:src\redux\slice\memberSlice.tsx
FN:24,(anonymous_0)
FN:27,(anonymous_1)
FN:32,(anonymous_2)
FN:36,(anonymous_3)
FNF:4
FNH:0
FNDA:0,(anonymous_0)
FNDA:0,(anonymous_1)
FNDA:0,(anonymous_2)
FNDA:0,(anonymous_3)
DA:14,0
DA:20,0
DA:25,0
DA:28,0
DA:29,0
DA:30,0
DA:33,0
DA:34,0
DA:37,0
DA:42,0
LF:10
LH:0
BRF:0
BRH:0
end_of_record
TN:
SF:src\redux\slice\projectSlice.tsx
FN:41,(anonymous_0)
FN:44,(anonymous_1)
FN:49,(anonymous_2)
FN:54,(anonymous_3)
FN:59,(anonymous_4)
FN:60,(anonymous_5)
FN:67,(anonymous_6)
FN:68,(anonymous_7)
FN:72,(anonymous_8)
FN:76,(anonymous_9)
FN:79,(anonymous_10)
FN:82,(anonymous_11)
FNF:12
FNH:12
FNDA:2,(anonymous_0)
FNDA:3,(anonymous_1)
FNDA:3,(anonymous_2)
FNDA:6,(anonymous_3)
FNDA:5,(anonymous_4)
FNDA:6,(anonymous_5)
FNDA:6,(anonymous_6)
FNDA:9,(anonymous_7)
FNDA:3,(anonymous_8)
FNDA:3,(anonymous_9)
FNDA:2,(anonymous_10)
FNDA:3,(anonymous_11)
DA:30,2
DA:37,2
DA:42,2
DA:45,3
DA:46,3
DA:47,3
DA:50,3
DA:51,3
DA:52,3
DA:55,6
DA:56,6
DA:57,6
DA:60,6
DA:61,5
DA:62,4
DA:64,5
DA:65,5
DA:68,9
DA:69,6
DA:70,6
DA:73,3
DA:74,3
DA:77,3
DA:80,2
DA:83,3
DA:99,2
LF:26
LH:26
BRDA:61,0,0,4
BRDA:61,0,1,1
BRF:2
BRH:2
end_of_record
TN:
SF:src\redux\slice\projectStatusSlice.tsx
FN:30,(anonymous_0)
FN:33,(anonymous_1)
FN:38,(anonymous_2)
FN:43,(anonymous_3)
FN:47,(anonymous_4)
FNF:5
FNH:0
FNDA:0,(anonymous_0)
FNDA:0,(anonymous_1)
FNDA:0,(anonymous_2)
FNDA:0,(anonymous_3)
FNDA:0,(anonymous_4)
DA:19,0
DA:26,0
DA:31,0
DA:34,0
DA:35,0
DA:36,0
DA:39,0
DA:40,0
DA:41,0
DA:44,0
DA:45,0
DA:48,0
DA:52,0
LF:13
LH:0
BRF:0
BRH:0
end_of_record
TN:
SF:src\routes\PrivateRoute.tsx
FN:10,(anonymous_0)
FN:13,(anonymous_1)
FNF:2
FNH:0
FNDA:0,(anonymous_0)
FNDA:0,(anonymous_1)
DA:10,0
DA:11,0
DA:13,0
DA:15,0
DA:16,0
DA:19,0
DA:22,0
LF:7
LH:0
BRDA:15,0,0,0
BRDA:15,0,1,0
BRDA:15,1,0,0
BRDA:15,1,1,0
BRF:4
BRH:0
end_of_record
TN:
SF:src\store\Store.tsx
FN:19,(anonymous_0)
FN:28,(anonymous_1)
FNF:2
FNH:0
FNDA:0,(anonymous_0)
FNDA:0,(anonymous_1)
DA:7,0
DA:15,0
DA:20,0
DA:29,0
LF:4
LH:0
BRDA:15,0,0,0
BRDA:15,0,1,0
BRF:2
BRH:0
end_of_record
